Component 0 1233 1233
Component 1 1 0
Component 2 1 0
Component 3 1 0
Component 4 1 0
Component 5 1 0
Component 6 1 0
Component 7 1 0
Component 8 1 0
Component 9 1 0
Component 10 1 0
Component 11 1 0
Component 12 1 0
Component 13 1 0
Component 14 1 0
Component 15 1 0
Component 16 1 0
Component 17 1 0
Component 18 1 0
Component 19 1 0
Component 20 1 0
Component 21 1 0
Component 22 1 0
Component 23 1 0
Component 24 1 0
Component 25 1 0
Component 26 1 0
Component 27 1 0
Component 28 1 0
Component 29 1 0
Component 30 1 0
Component 31 1 0
Component 32 1 0
Component 33 1 0
Component 34 1 0
Component 35 1 0
Component 36 1 0
Component 37 1 0
Component 38 1 0
Component 39 1 0
Component 40 1 0
Component 41 1 0
Component 42 1 0
Component 43 1 0
Component 44 1 0
Component 45 1 0
Component 46 1 0
Component 47 1 0
Component 48 1 0
Component 49 1 0
Component 50 1 0
Component 51 1 0
Component 52 1 0
Component 53 1 0
Component 54 1 0
Component 55 1 0
Component 56 1 0
Component 57 1 0
Component 58 1 0
Component 59 1 0
Component 60 1 0
Component 61 1 0
Component 62 1 0
Component 63 1 0
Component 64 1 0
Component 65 1 0
Component 66 1 0
Component 67 1 0
Component 68 1 0
Component 69 1 0
Component 70 1 0
Component 71 1 0
Component 72 1 0
Component 73 1 0
Component 74 1 0
Component 75 1 0
Component 76 1 0
Component 77 1 0
Component 78 1 0
Component 79 1 0
Component 80 1 0
Component 81 1 0
Component 82 1 0
Component 83 1 0
Component 84 1 0
Component 85 1 0
Component 86 1 0
Component 87 1 0
Component 88 1 0
Component 89 1 0
Component 90 1 0
Component 91 1 0
Component 92 1 0
Component 93 1 0
Component 94 1 0
Component 95 1 0
Component 96 1 0
Component 97 1 0
Component 98 1 0
Component 99 1 0
Component 100 1 0
Component 101 1 0
Component 102 1 0
Component 103 1 0
Component 104 1 0
Component 105 1 0
Component 106 1 0
Component 107 1 0
Component 108 1 0
Component 109 1 0
Component 110 1 0
Component 111 1 0
Component 112 1 0
Component 113 1 0
Component 114 1 0
Component 115 1 0
Component 116 1 0
Component 117 1 0
Component 118 1 0
Component 119 1 0
Component 120 1 0
Component 121 1 0
Component 122 1 0
Component 123 1 0
Component 124 1 0
Component 125 1 0
Component 126 1 0
Component 127 1 0
Component 128 1 0
Component 129 1 0
Component 130 1 0
Component 131 1 0
Component 132 1 0
Component 133 1 0
Component 134 1 0
Component 135 1 0
Component 136 1 0
Component 137 1 0
Component 138 1 0
Component 139 1 0
Component 140 1 0
Component 141 1 0
Component 142 1 0
Component 143 1 0
Component 144 1 0
Component 145 1 0
Component 146 1 0
Component 147 1 0
Component 148 1 0
Component 149 1 0
Component 150 1 0
Component 151 1 0
Component 152 1 0
Component 153 1 0
Component 154 1 0
Component 155 1 0
Component 156 1 0
Component 157 1 0
Component 158 1 0
Component 159 1 0
Component 160 1 0
Component 161 1 0
Component 162 1 0
Component 163 1 0
Component 164 1 0
Component 165 1 0
Component 166 1 0
Component 167 1 0
Component 168 1 0
Component 169 1 0
Component 170 1 0
Component 171 1 0
Component 172 1 0
Component 173 1 0
Component 174 1 0
Component 175 1 0
Component 176 1 0
Component 177 1 0
Component 178 1 0
Component 179 1 0
Component 180 1 0
Component 181 1 0
Component 182 1 0
Component 183 1 0
Component 184 1 0
Component 185 1 0
Component 186 1 0
Component 187 1 0
Component 188 1 0
Component 189 1 0
Component 190 1 0
Component 191 1 0
Component 192 1 0
Component 193 1 0
Component 194 1 0
Component 195 1 0
Component 196 1 0
Component 197 1 0
Component 198 1 0
Component 199 1 0
Component 200 1 0
Component 201 1 0
Component 202 1 0
Component 203 1 0
Component 204 1 0
Component 205 1 0
Component 206 1 0
Component 207 1 0
Component 208 1 0
Component 209 1 0
Component 210 1 0
Component 211 1 0
Component 212 1 0
Component 213 1 0
Component 214 1 0
Component 215 1 0
Component 216 1 0
Component 217 1 0
Component 218 1 0
Component 219 1 0
Component 220 1 0
Component 221 1 0
Component 222 1 0
Component 223 1 0
Component 224 1 0
Component 225 1 0
Component 226 1 0
Component 227 1 0
Component 228 1 0
Component 229 1 0
Component 230 1 0
Component 231 1 0
Component 232 1 0
Component 233 1 0
Component 234 1 0
Component 235 1 0
Component 236 1 0
Component 237 1 0
Component 238 1 0
Component 239 1 0
Component 240 1 0
Component 241 1 0
Component 242 1 0
Component 243 1 0
Component 244 1 0
Component 245 1 0
Component 246 1 0
Component 247 1 0
Component 248 1 0
Component 249 1 0
Component 250 1 0
Component 251 1 0
Component 252 1 0
Component 253 1 0
Component 254 1 0
Component 255 1 0
Component 256 1 0
Component 257 1 0
Component 258 1 0
Component 259 1 0
Component 260 1 0
Component 261 1 0
Component 262 1 0
Component 263 1 0
Component 264 1 0
Component 265 1 0
Component 266 1 0
Component 267 1 0
Component 268 1 0
Component 269 1 0
Component 270 1 0
Component 271 1 0
Component 272 1 0
Component 273 1 0
Component 274 1 0
Component 275 1 0
Component 276 1 0
Component 277 1 0
Component 278 1 0
Component 279 1 0
Component 280 1 0
Component 281 1 0
Component 282 1 0
Component 283 1 0
Component 284 1 0
Component 285 1 0
Component 286 1 0
Component 287 1 0
Component 288 1 0
Component 289 1 0
Component 290 1 0
Component 291 1 0
Component 292 1 0
Component 293 1 0
Component 294 1 0
Component 295 1 0
Component 296 1 0
Component 297 1 0
Component 298 1 0
Component 299 1 0
Component 300 1 0
Component 301 1 0
Component 302 1 0
Component 303 1 0
Component 304 1 0
Component 305 1 0
Component 306 1 0
Component 307 1 0
Component 308 1 0
Component 309 1 0
Component 310 1 0
Component 311 1 0
Component 312 1 0
Component 313 1 0
Component 314 1 0
Component 315 1 0
Component 316 1 0
Component 317 1 0
Component 318 1 0
Component 319 1 0
Component 320 1 0
Component 321 1 0
Component 322 1 0
Component 323 1 0
Component 324 1 0
Component 325 1 0
Component 326 1 0
Component 327 1 0
Component 328 1 0
Component 329 1 0
Component 330 1 0
Component 331 1 0
Component 332 1 0
Component 333 1 0
Component 334 1 0
Component 335 1 0
Component 336 1 0
Component 337 1 0
Component 338 1 0
Component 339 1 0
Component 340 1 0
Component 341 1 0
Component 342 1 0
Component 343 1 0
Component 344 1 0
Component 345 1 0
Component 346 1 0
Component 347 1 0
Component 348 1 0
Component 349 1 0
Component 350 1 0
Component 351 1 0
Component 352 1 0
Component 353 1 0
Component 354 1 0
Component 355 1 0
Component 356 1 0
Component 357 1 0
Component 358 1 0
Component 359 1 0
Component 360 1 0
Component 361 1 0
Component 362 1 0
Component 363 1 0
Component 364 1 0
Component 365 1 0
Component 366 1 0
Component 367 1 0
Component 368 1 0
Component 369 1 0
Component 370 1 0
Component 371 1 0
Component 372 1 0
Component 373 1 0
Component 374 1 0
Component 375 1 0
Component 376 1 0
Component 377 1 0
Component 378 1 0
Component 379 1 0
Component 380 1 0
Component 381 1 0
Component 382 1 0
Component 383 1 0
Component 384 1 0
Component 385 1 0
Component 386 1 0
Component 387 1 0
Component 388 1 0
Component 389 1 0
Component 390 1 0
Component 391 1 0
Component 392 1 0
Component 393 1 0
Component 394 1 0
Component 395 1 0
Component 396 1 0
Component 397 1 0
Component 398 1 0
Component 399 1 0
Component 400 1 0
Component 401 1 0
Component 402 1 0
Component 403 1 0
Component 404 1 0
Component 405 1 0
Component 406 1 0
Component 407 1 0
Component 408 1 0
Component 409 1 0
Component 410 1 0
Component 411 1 0
Component 412 1 0
Component 413 1 0
Component 414 1 0
Component 415 1 0
Component 416 1 0
Component 417 1 0
Component 418 1 0
Component 419 1 0
Component 420 1 0
Component 421 1 0
Component 422 1 0
Component 423 1 0
Component 424 1 0
Component 425 1 0
Component 426 1 0
Component 427 1 0
Component 428 1 0
Component 429 1 0
Component 430 1 0
Component 431 1 0
Component 432 1 0
Component 433 1 0
Component 434 1 0
Component 435 1 0
Component 436 1 0
Component 437 1 0
Component 438 1 0
Component 439 1 0
Component 440 1 0
Component 441 1 0
Component 442 1 0
Component 443 1 0
Component 444 1 0
Component 445 1 0
Component 446 1 0
Component 447 1 0
Component 448 1 0
Component 449 1 0
Component 450 1 0
Component 451 1 0
Component 452 1 0
Component 453 1 0
Component 454 1 0
Component 455 1 0
Component 456 1 0
Component 457 1 0
Component 458 1 0
Component 459 1 0
Component 460 1 0
Component 461 1 0
Component 462 1 0
Component 463 1 0
Component 464 1 0
Component 465 1 0
Component 466 1 0
Component 467 1 0
Component 468 1 0
Component 469 1 0
Component 470 1 0
Component 471 1 0
Component 472 1 0
Component 473 1 0
Component 474 1 0
Component 475 1 0
Component 476 1 0
Component 477 1 0
Component 478 1 0
Component 479 1 0
Component 480 1 0
Component 481 1 0
Component 482 1 0
Component 483 1 0
Component 484 1 0
Component 485 1 0
Component 486 1 0
Component 487 1 0
Component 488 1 0
Component 489 1 0
Component 490 1 0
Component 491 1 0
Component 492 1 0
Component 493 1 0
Component 494 1 0
Component 495 1 0
Component 496 1 0
Component 497 1 0
Component 498 1 0
Component 499 1 0
Component 500 1 0
Component 501 1 0
Component 502 1 0
Component 503 1 0
Component 504 1 0
Component 505 1 0
Component 506 1 0
Component 507 1 0
Component 508 1 0
Component 509 1 0
Component 510 1 0
Component 511 1 0
Component 512 1 0
Component 513 1 0
Component 514 1 0
Component 515 1 0
Component 516 1 0
Component 517 1 0
Component 518 1 0
Component 519 1 0
Component 520 1 0
Component 521 1 0
Component 522 1 0
Component 523 1 0
Component 524 1 0
Component 525 1 0
Component 526 1 0
Component 527 1 0
Component 528 1 0
Component 529 1 0
Component 530 1 0
Component 531 1 0
Component 532 1 0
Component 533 1 0
Component 534 1 0
Component 535 1 0
Component 536 1 0
Component 537 1 0
Component 538 1 0
Component 539 1 0
Component 540 1 0
Component 541 1 0
Component 542 1 0
Component 543 1 0
Component 544 1 0
Component 545 1 0
Component 546 1 0
Component 547 1 0
Component 548 1 0
Component 549 1 0
Component 550 1 0
Component 551 1 0
Component 552 1 0
Component 553 1 0
Component 554 1 0
Component 555 1 0
Component 556 1 0
Component 557 1 0
Component 558 1 0
Component 559 1 0
Component 560 1 0
Component 561 1 0
Component 562 1 0
Component 563 1 0
Component 564 1 0
Component 565 1 0
Component 566 1 0
Component 567 1 0
Component 568 1 0
Component 569 1 0
Component 570 1 0
Component 571 1 0
Component 572 1 0
Component 573 1 0
Component 574 1 0
Component 575 1 0
Component 576 1 0
Component 577 1 0
Component 578 1 0
Component 579 1 0
Component 580 1 0
Component 581 1 0
Component 582 1 0
Component 583 1 0
Component 584 1 0
Component 585 1 0
Component 586 1 0
Component 587 1 0
Component 588 1 0
Component 589 1 0
Component 590 1 0
Component 591 1 0
Component 592 1 0
Component 593 1 0
Component 594 1 0
Component 595 1 0
Component 596 1 0
Component 597 1 0
Component 598 1 0
Component 599 1 0
Component 600 1 0
Component 601 1 0
Component 602 1 0
Component 603 1 0
Component 604 1 0
Component 605 1 0
Component 606 1 0
Component 607 1 0
Component 608 1 0
Component 609 1 0
Component 610 1 0
Component 611 1 0
Component 612 1 0
Component 613 1 0
Component 614 1 0
Component 615 1 0
Component 616 1 0
Component 617 1 0
Component 618 1 0
Component 619 1 0
Component 620 1 0
Component 621 1 0
Component 622 1 0
Component 623 1 0
Component 624 1 0
Component 625 1 0
Component 626 1 0
Component 627 1 0
Component 628 1 0
Component 629 1 0
Component 630 1 0
Component 631 1 0
Component 632 1 0
Component 633 1 0
Component 634 1 0
Component 635 1 0
Component 636 1 0
Component 637 1 0
Component 638 1 0
Component 639 1 0
Component 640 1 0
Component 641 1 0
Component 642 1 0
Component 643 1 0
Component 644 1 0
Component 645 1 0
Component 646 1 0
Component 647 1 0
Component 648 1 0
Component 649 1 0
Component 650 1 0
Component 651 1 0
Component 652 1 0
Component 653 1 0
Component 654 1 0
Component 655 1 0
Component 656 1 0
Component 657 1 0
Component 658 1 0
Component 659 1 0
Component 660 1 0
Component 661 1 0
Component 662 1 0
Component 663 1 0
Component 664 1 0
Component 665 1 0
Component 666 1 0
Component 667 1 0
Component 668 1 0
Component 669 1 0
Component 670 1 0
Component 671 1 0
Component 672 1 0
Component 673 1 0
Component 674 1 0
Component 675 1 0
Component 676 1 0
Component 677 1 0
Component 678 1 0
Component 679 1 0
Component 680 1 0
Component 681 1 0
Component 682 1 0
Component 683 1 0
Component 684 1 0
Component 685 1 0
Component 686 1 0
Component 687 1 0
Component 688 1 0
Component 689 1 0
Component 690 1 0
Component 691 1 0
Component 692 1 0
Component 693 1 0
Component 694 1 0
Component 695 1 0
Component 696 1 0
Component 697 1 0
Component 698 1 0
Component 699 1 0
Component 700 1 0
Component 701 1 0
Component 702 1 0
Component 703 1 0
Component 704 1 0
Component 705 1 0
Component 706 1 0
Component 707 1 0
Component 708 1 0
Component 709 1 0
Component 710 1 0
Component 711 1 0
Component 712 1 0
Component 713 1 0
Component 714 1 0
Component 715 1 0
Component 716 1 0
Component 717 1 0
Component 718 1 0
Component 719 1 0
Component 720 1 0
Component 721 1 0
Component 722 1 0
Component 723 1 0
Component 724 1 0
Component 725 1 0
Component 726 1 0
Component 727 1 0
Component 728 1 0
Component 729 1 0
Component 730 1 0
Component 731 1 0
Component 732 1 0
Component 733 1 0
Component 734 1 0
Component 735 1 0
Component 736 1 0
Component 737 1 0
Component 738 1 0
Component 739 1 0
Component 740 1 0
Component 741 1 0
Component 742 1 0
Component 743 1 0
Component 744 1 0
Component 745 1 0
Component 746 1 0
Component 747 1 0
Component 748 1 0
Component 749 1 0
Component 750 1 0
Component 751 1 0
Component 752 1 0
Component 753 1 0
Component 754 1 0
Component 755 1 0
Component 756 1 0
Component 757 1 0
Component 758 1 0
Component 759 1 0
Component 760 1 0
Component 761 1 0
Component 762 1 0
Component 763 1 0
Component 764 1 0
Component 765 1 0
Component 766 1 0
Component 767 1 0
Component 768 1 0
Component 769 1 0
Component 770 1 0
Component 771 1 0
Component 772 1 0
Component 773 1 0
Component 774 1 0
Component 775 1 0
Component 776 1 0
Component 777 1 0
Component 778 1 0
Component 779 1 0
Component 780 1 0
Component 781 1 0
Component 782 1 0
Component 783 1 0
Component 784 1 0
Component 785 1 0
Component 786 1 0
Component 787 1 0
Component 788 1 0
Component 789 1 0
Component 790 1 0
Component 791 1 0
Component 792 1 0
Component 793 1 0
Component 794 1 0
Component 795 1 0
Component 796 1 0
Component 797 1 0
Component 798 1 0
Component 799 1 0
Component 800 1 0
Component 801 1 0
Component 802 1 0
Component 803 1 0
Component 804 1 0
Component 805 1 0
Component 806 1 0
Component 807 1 0
Component 808 1 0
Component 809 1 0
Component 810 1 0
Component 811 1 0
Component 812 1 0
Component 813 1 0
Component 814 1 0
Component 815 1 0
Component 816 1 0
Component 817 1 0
Component 818 1 0
Component 819 1 0
Component 820 1 0
Component 821 1 0
Component 822 1 0
Component 823 1 0
Component 824 1 0
Component 825 1 0
Component 826 1 0
Component 827 1 0
Component 828 1 0
Component 829 1 0
Component 830 1 0
Component 831 1 0
Component 832 1 0
Component 833 1 0
Component 834 1 0
Component 835 1 0
Component 836 1 0
Component 837 1 0
Component 838 1 0
Component 839 1 0
Component 840 1 0
Component 841 1 0
Component 842 1 0
Component 843 1 0
Component 844 1 0
Component 845 1 0
Component 846 1 0
Component 847 1 0
Component 848 1 0
Component 849 1 0
Component 850 1 0
Component 851 1 0
Component 852 1 0
Component 853 1 0
Component 854 1 0
Component 855 1 0
Component 856 1 0
Component 857 1 0
Component 858 1 0
Component 859 1 0
Component 860 1 0
Component 861 1 0
Component 862 1 0
Component 863 1 0
Component 864 1 0
Component 865 1 0
Component 866 1 0
Component 867 1 0
Component 868 1 0
Component 869 1 0
Component 870 1 0
Component 871 1 0
Component 872 1 0
Component 873 1 0
Component 874 1 0
Component 875 1 0
Component 876 1 0
Component 877 1 0
Component 878 1 0
Component 879 1 0
Component 880 1 0
Component 881 1 0
Component 882 1 0
Component 883 1 0
Component 884 1 0
Component 885 1 0
Component 886 1 0
Component 887 1 0
Component 888 1 0
Component 889 1 0
Component 890 1 0
Component 891 1 0
Component 892 1 0
Component 893 1 0
Component 894 1 0
Component 895 1 0
Component 896 1 0
Component 897 1 0
Component 898 1 0
Component 899 1 0
Component 900 1 0
Component 901 1 0
Component 902 1 0
Component 903 1 0
Component 904 1 0
Component 905 1 0
Component 906 1 0
Component 907 1 0
Component 908 1 0
Component 909 1 0
Component 910 1 0
Component 911 1 0
Component 912 1 0
Component 913 1 0
Component 914 1 0
Component 915 1 0
Component 916 1 0
Component 917 1 0
Component 918 1 0
Component 919 1 0
Component 920 1 0
Component 921 1 0
Component 922 1 0
Component 923 1 0
Component 924 1 0
Component 925 1 0
Component 926 1 0
Component 927 1 0
Component 928 1 0
Component 929 1 0
Component 930 1 0
Component 931 1 0
Component 932 1 0
Component 933 1 0
Component 934 1 0
Component 935 1 0
Component 936 1 0
Component 937 1 0
Component 938 1 0
Component 939 1 0
Component 940 1 0
Component 941 1 0
Component 942 1 0
Component 943 1 0
Component 944 1 0
Component 945 1 0
Component 946 1 0
Component 947 1 0
Component 948 1 0
Component 949 1 0
Component 950 1 0
Component 951 1 0
Component 952 1 0
Component 953 1 0
Component 954 1 0
Component 955 1 0
Component 956 1 0
Component 957 1 0
Component 958 1 0
Component 959 1 0
Component 960 1 0
Component 961 1 0
Component 962 1 0
Component 963 1 0
Component 964 1 0
Component 965 1 0
Component 966 1 0
Component 967 1 0
Component 968 1 0
Component 969 1 0
Component 970 1 0
Component 971 1 0
Component 972 1 0
Component 973 1 0
Component 974 1 0
Component 975 1 0
Component 976 1 0
Component 977 1 0
Component 978 1 0
Component 979 1 0
Component 980 1 0
Component 981 1 0
Component 982 1 0
Component 983 1 0
Component 984 1 0
Component 985 1 0
Component 986 1 0
Component 987 1 0
Component 988 1 0
Component 989 1 0
Component 990 1 0
Component 991 1 0
Component 992 1 0
Component 993 1 0
Component 994 1 0
Component 995 1 0
Component 996 1 0
Component 997 1 0
Component 998 1 0
Component 999 1 0
Component 1000 1 0
Component 1001 1 0
Component 1002 1 0
Component 1003 1 0
Component 1004 1 0
Component 1005 1 0
Component 1006 1 0
Component 1007 1 0
Component 1008 1 0
Component 1009 1 0
Component 1010 1 0
Component 1011 1 0
Component 1012 1 0
Component 1013 1 0
Component 1014 1 0
Component 1015 1 0
Component 1016 1 0
Component 1017 1 0
Component 1018 1 0
Component 1019 1 0
Component 1020 1 0
Component 1021 1 0
Component 1022 1 0
Component 1023 1 0
Component 1024 1 0
Component 1025 1 0
Component 1026 1 0
Component 1027 1 0
Component 1028 1 0
Component 1029 1 0
Component 1030 1 0
Component 1031 1 0
Component 1032 1 0
Component 1033 1 0
Component 1034 1 0
Component 1035 1 0
Component 1036 1 0
Component 1037 1 0
Component 1038 1 0
Component 1039 1 0
Component 1040 1 0
Component 1041 1 0
Component 1042 1 0
Component 1043 1 0
Component 1044 1 0
Component 1045 1 0
Component 1046 1 0
Component 1047 1 0
Component 1048 1 0
Component 1049 1 0
Component 1050 1 0
Component 1051 1 0
Component 1052 1 0
Component 1053 1 0
Component 1054 1 0
Component 1055 1 0
Component 1056 1 0
Component 1057 1 0
Component 1058 1 0
Component 1059 1 0
Component 1060 1 0
Component 1061 1 0
Component 1062 1 0
Component 1063 1 0
Component 1064 1 0
Component 1065 1 0
Component 1066 1 0
Component 1067 1 0
Component 1068 1 0
Component 1069 1 0
Component 1070 1 0
Component 1071 1 0
Component 1072 1 0
Component 1073 1 0
Component 1074 1 0
Component 1075 1 0
Component 1076 1 0
Component 1077 1 0
Component 1078 1 0
Component 1079 1 0
Component 1080 1 0
Component 1081 1 0
Component 1082 1 0
Component 1083 1 0
Component 1084 1 0
Component 1085 1 0
Component 1086 1 0
Component 1087 1 0
Component 1088 1 0
Component 1089 1 0
Component 1090 1 0
Component 1091 1 0
Component 1092 1 0
Component 1093 1 0
Component 1094 1 0
Component 1095 1 0
Component 1096 1 0
Component 1097 1 0
Component 1098 1 0
Component 1099 1 0
Component 1100 1 0
Component 1101 1 0
Component 1102 1 0
Component 1103 1 0
Component 1104 1 0
Component 1105 1 0
Component 1106 1 0
Component 1107 1 0
Component 1108 1 0
Component 1109 1 0
Component 1110 1 0
Component 1111 1 0
Component 1112 1 0
Component 1113 1 0
Component 1114 1 0
Component 1115 1 0
Component 1116 1 0
Component 1117 1 0
Component 1118 1 0
Component 1119 1 0
Component 1120 1 0
Component 1121 1 0
Component 1122 1 0
Component 1123 1 0
Component 1124 1 0
Component 1125 1 0
Component 1126 1 0
Component 1127 1 0
Component 1128 1 0
Component 1129 1 0
Component 1130 1 0
Component 1131 1 0
Component 1132 1 0
Component 1133 1 0
Component 1134 1 0
Component 1135 1 0
Component 1136 1 0
Component 1137 1 0
Component 1138 1 0
Component 1139 1 0
Component 1140 1 0
Component 1141 1 0
Component 1142 1 0
Component 1143 1 0
Component 1144 1 0
Component 1145 1 0
Component 1146 1 0
Component 1147 1 0
Component 1148 1 0
Component 1149 1 0
Component 1150 1 0
Component 1151 1 0
Component 1152 1 0
Component 1153 1 0
Component 1154 1 0
Component 1155 1 0
Component 1156 1 0
Component 1157 1 0
Component 1158 1 0
Component 1159 1 0
Component 1160 1 0
Component 1161 1 0
Component 1162 1 0
Component 1163 1 0
Component 1164 1 0
Component 1165 1 0
Component 1166 1 0
Component 1167 1 0
Component 1168 1 0
Component 1169 1 0
Component 1170 1 0
Component 1171 1 0
Component 1172 1 0
Component 1173 1 0
Component 1174 1 0
Component 1175 1 0
Component 1176 1 0
Component 1177 1 0
Component 1178 1 0
Component 1179 1 0
Component 1180 1 0
Component 1181 1 0
Component 1182 1 0
Component 1183 1 0
Component 1184 1 0
Component 1185 1 0
Component 1186 1 0
Component 1187 1 0
Component 1188 1 0
Component 1189 1 0
Component 1190 1 0
Component 1191 1 0
Component 1192 1 0
Component 1193 1 0
Component 1194 1 0
Component 1195 1 0
Component 1196 1 0
Component 1197 1 0
Component 1198 1 0
Component 1199 1 0
Component 1200 1 0
Component 1201 1 0
Component 1202 1 0
Component 1203 1 0
Component 1204 1 0
Component 1205 1 0
Component 1206 1 0
Component 1207 1 0
Component 1208 1 0
Component 1209 1 0
Component 1210 1 0
Component 1211 1 0
Component 1212 1 0
Component 1213 1 0
Component 1214 1 0
Component 1215 1 0
Component 1216 1 0
Component 1217 1 0
Component 1218 1 0
Component 1219 1 0
Component 1220 1 0
Component 1221 1 0
Component 1222 1 0
Component 1223 1 0
Component 1224 1 0
Component 1225 1 0
Component 1226 1 0
Component 1227 1 0
Component 1228 1 0
Component 1229 1 0
Component 1230 1 0
Component 1231 1 0
Component 1232 1 0
Component 1233 1 0
Component 1234 1 0
Component 1235 1 0
Component 1236 1 0
Component 1237 1 0
Component 1238 1 0
Component 1239 1 0
Component 1240 1 0
Component 1241 1 0
Component 1242 1 0
Component 1243 1 0
Component 1244 1 0
Component 1245 1 0
Component 1246 1 0
Component 1247 1 0
Component 1248 1 0
Component 1249 1 0
Component 1250 1 0
Component 1251 1 0
Component 1252 1 0
Component 1253 1 0
Component 1254 1 0
Component 1255 1 0
Component 1256 1 0
Component 1257 1 0
Component 1258 1 0
Component 1259 1 0
Component 1260 1 0
Component 1261 1 0
Component 1262 1 0
Component 1263 1 0
Component 1264 1 0
Component 1265 1 0
Component 1266 1 0
Component 1267 1 0
Component 1268 1 0
Component 1269 1 0
Component 1270 1 0
Component 1271 1 0
Component 1272 1 0
Component 1273 1 0
Component 1274 1 0
Component 1275 1 0
Component 1276 1 0
Component 1277 1 0
Component 1278 1 0
Component 1279 1 0
Component 1280 1 0
Component 1281 1 0
Component 1282 1 0
Component 1283 1 0
Component 1284 1 0
Component 1285 1 0
Component 1286 1 0
Component 1287 1 0
Component 1288 1 0
Component 1289 1 0
Component 1290 1 0
Component 1291 1 0
Component 1292 1 0
Component 1293 1 0
Component 1294 1 0
Component 1295 1 0
Component 1296 1 0
Component 1297 1 0
Component 1298 1 0
Component 1299 1 0
Component 1300 1 0
Component 1301 1 0
Component 1302 1 0
Component 1303 1 0
Component 1304 1 0
Component 1305 1 0
Component 1306 1 0
Component 1307 1 0
Component 1308 1 0
Component 1309 1 0
Component 1310 1 0
Component 1311 1 0
Component 1312 1 0
Component 1313 1 0
Component 1314 1 0
Component 1315 1 0
Component 1316 1 0
Component 1317 1 0
Component 1318 1 0
Component 1319 1 0
Component 1320 1 0
Component 1321 1 0
Component 1322 1 0
Component 1323 1 0
Component 1324 1 0
Component 1325 1 0
Component 1326 1 0
Component 1327 1 0
Component 1328 1 0
Component 1329 1 0
Component 1330 1 0
Component 1331 1 0
Component 1332 1 0
Component 1333 1 0
Component 1334 1 0
Component 1335 1 0
Component 1336 1 0
Component 1337 1 0
Component 1338 1 0
Component 1339 1 0
Component 1340 1 0
Component 1341 1 0
Component 1342 1 0
Component 1343 1 0
Component 1344 1 0
Component 1345 1 0
Component 1346 1 0
Component 1347 1 0
Component 1348 1 0
Component 1349 1 0
Component 1350 1 0
Component 1351 1 0
Component 1352 1 0
Component 1353 1 0
Component 1354 1 0
Component 1355 1 0
Component 1356 1 0
Component 1357 1 0
Component 1358 1 0
Component 1359 1 0
Component 1360 1 0
Component 1361 1 0
Component 1362 1 0
Component 1363 1 0
Component 1364 1 0
Component 1365 1 0
Component 1366 1 0
Component 1367 1 0
Component 1368 1 0
Component 1369 1 0
Component 1370 1 0
Component 1371 1 0
Component 1372 1 0
Component 1373 1 0
Component 1374 1 0
Component 1375 1 0
Component 1376 1 0
Component 1377 1 0
Component 1378 1 0
Component 1379 1 0
Component 1380 1 0
Component 1381 1 0
Component 1382 1 0
Component 1383 1 0
Component 1384 1 0
Component 1385 1 0
Component 1386 1 0
Component 1387 1 0
Component 1388 1 0
Component 1389 1 0
Component 1390 1 0
Component 1391 1 0
Component 1392 1 0
Component 1393 1 0
Component 1394 1 0
Component 1395 1 0
Component 1396 1 0
Component 1397 1 0
Component 1398 1 0
Component 1399 1 0
Component 1400 1 0
Component 1401 1 0
Component 1402 1 0
Component 1403 1 0
Component 1404 1 0
Component 1405 1 0
Component 1406 1 0
Component 1407 1 0
Component 1408 1 0
Component 1409 1 0
Component 1410 1 0
Component 1411 1 0
Component 1412 1 0
Component 1413 1 0
Component 1414 1 0
Component 1415 1 0
Component 1416 1 0
Component 1417 1 0
Component 1418 1 0
Component 1419 1 0
Component 1420 1 0
Component 1421 1 0
Component 1422 1 0
Component 1423 1 0
Component 1424 1 0
Component 1425 1 0
Component 1426 1 0
Component 1427 1 0
Component 1428 1 0
Component 1429 1 0
Component 1430 1 0
Component 1431 1 0
Component 1432 1 0
Component 1433 1 0
Component 1434 1 0
Component 1435 1 0
Component 1436 1 0
Component 1437 1 0
Component 1438 1 0
Component 1439 1 0
Component 1440 1 0
Component 1441 1 0
Component 1442 1 0
Component 1443 1 0
Component 1444 1 0
Component 1445 1 0
Component 1446 1 0
Component 1447 1 0
Component 1448 1 0
Component 1449 1 0
Component 1450 1 0
Component 1451 1 0
Component 1452 1 0
Component 1453 1 0
Component 1454 1 0
Component 1455 1 0
Component 1456 1 0
Component 1457 1 0
Component 1458 1 0
Component 1459 1 0
Component 1460 1 0
Component 1461 1 0
Component 1462 1 0
Component 1463 1 0
Component 1464 1 0
Component 1465 1 0
Component 1466 1 0
Component 1467 1 0
Component 1468 1 0
Component 1469 1 0
Component 1470 1 0
Component 1471 1 0
Component 1472 1 0
Component 1473 1 0
Component 1474 1 0
Component 1475 1 0
Component 1476 1 0
Component 1477 1 0
Component 1478 1 0
Component 1479 1 0
Component 1480 1 0
Component 1481 1 0
Component 1482 1 0
Component 1483 1 0
Component 1484 1 0
Component 1485 1 0
Component 1486 1 0
Component 1487 1 0
Component 1488 1 0
Component 1489 1 0
Component 1490 1 0
Component 1491 1 0
Component 1492 1 0
Component 1493 1 0
Component 1494 1 0
Component 1495 1 0
Component 1496 1 0
Component 1497 1 0
Component 1498 1 0
Component 1499 1 0
Component 1500 1 0
Component 1501 1 0
Component 1502 1 0
Component 1503 1 0
Component 1504 1 0
Component 1505 1 0
Component 1506 1 0
Component 1507 1 0
Component 1508 1 0
Component 1509 1 0
Component 1510 1 0
Component 1511 1 0
Component 1512 1 0
Component 1513 1 0
Component 1514 1 0
Component 1515 1 0
Component 1516 1 0
Component 1517 1 0
Component 1518 1 0
Component 1519 1 0
Component 1520 1 0
Component 1521 1 0
Component 1522 1 0
Component 1523 1 0
Component 1524 1 0
Component 1525 1 0
Component 1526 1 0
Component 1527 1 0
Component 1528 1 0
Component 1529 1 0
Component 1530 1 0
Component 1531 1 0
Component 1532 1 0
Component 1533 1 0
Component 1534 1 0
Component 1535 1 0
Component 1536 1 0
Component 1537 1 0
Component 1538 1 0
Component 1539 1 0
Component 1540 1 0
Component 1541 1 0
Component 1542 1 0
Component 1543 1 0
Component 1544 1 0
Component 1545 1 0
Component 1546 1 0
Component 1547 1 0
Component 1548 1 0
Component 1549 1 0
Component 1550 1 0
Component 1551 1 0
Component 1552 1 0
Component 1553 1 0
Component 1554 1 0
Component 1555 1 0
Component 1556 1 0
Component 1557 1 0
Component 1558 1 0
Component 1559 1 0
Component 1560 1 0
Component 1561 1 0
Component 1562 1 0
Component 1563 1 0
Component 1564 1 0
Component 1565 1 0
Component 1566 1 0
Component 1567 1 0
Component 1568 1 0
Component 1569 1 0
Component 1570 1 0
Component 1571 1 0
Component 1572 1 0
Component 1573 1 0
Component 1574 1 0
Component 1575 1 0
Component 1576 1 0
Component 1577 1 0
Component 1578 1 0
Component 1579 1 0
Component 1580 1 0
Component 1581 1 0
Component 1582 1 0
Component 1583 1 0
Component 1584 1 0
Component 1585 1 0
Component 1586 1 0
Component 1587 1 0
Component 1588 1 0
Component 1589 1 0
Component 1590 1 0
Component 1591 1 0
Component 1592 1 0
Component 1593 1 0
Component 1594 1 0
Component 1595 1 0
Component 1596 1 0
Component 1597 1 0
Component 1598 1 0
Component 1599 1 0
Component 1600 1 0
Component 1601 1 0
Component 1602 1 0
Component 1603 1 0
Component 1604 1 0
Component 1605 1 0
Component 1606 1 0
Component 1607 1 0
Component 1608 1 0
Component 1609 1 0
Component 1610 1 0
Component 1611 1 0
Component 1612 1 0
Component 1613 1 0
Component 1614 1 0
Component 1615 1 0
Component 1616 1 0
Component 1617 1 0
Component 1618 1 0
Component 1619 1 0
Component 1620 1 0
Component 1621 1 0
Component 1622 1 0
Component 1623 1 0
Component 1624 1 0
Component 1625 1 0
Component 1626 1 0
Component 1627 1 0
Component 1628 1 0
Component 1629 1 0
Component 1630 1 0
Component 1631 1 0
Component 1632 1 0
Component 1633 1 0
Component 1634 1 0
Component 1635 1 0
Component 1636 1 0
Component 1637 1 0
Component 1638 1 0
Component 1639 1 0
Component 1640 1 0
Component 1641 1 0
Component 1642 1 0
Component 1643 1 0
Component 1644 1 0
Component 1645 1 0
Component 1646 1 0
Component 1647 1 0
Component 1648 1 0
Component 1649 1 0
Component 1650 1 0
Component 1651 1 0
Component 1652 1 0
Component 1653 1 0
Component 1654 1 0
Component 1655 1 0
Component 1656 1 0
Component 1657 1 0
Component 1658 1 0
Component 1659 1 0
Component 1660 1 0
Component 1661 1 0
Component 1662 1 0
Component 1663 1 0
Component 1664 1 0
Component 1665 1 0
Component 1666 1 0
Component 1667 1 0
Component 1668 1 0
Component 1669 1 0
Component 1670 1 0
Component 1671 1 0
Component 1672 1 0
Component 1673 1 0
Component 1674 1 0
Component 1675 1 0
Component 1676 1 0
Component 1677 1 0
Component 1678 1 0
Component 1679 1 0
Component 1680 1 0
Component 1681 1 0
Component 1682 1 0
Component 1683 1 0
Component 1684 1 0
Component 1685 1 0
Component 1686 1 0
Component 1687 1 0
Component 1688 1 0
Component 1689 1 0
Component 1690 1 0
Component 1691 1 0
Component 1692 1 0
Component 1693 1 0
Component 1694 1 0
Component 1695 1 0
Component 1696 1 0
Component 1697 1 0
Component 1698 1 0
Component 1699 1 0
Component 1700 1 0
Component 1701 1 0
Component 1702 1 0
Component 1703 1 0
Component 1704 1 0
Component 1705 1 0
Component 1706 1 0
Component 1707 1 0
Component 1708 1 0
Component 1709 1 0
Component 1710 1 0
Component 1711 1 0
Component 1712 1 0
Component 1713 1 0
Component 1714 1 0
Component 1715 1 0
Component 1716 1 0
Component 1717 1 0
Component 1718 1 0
Component 1719 1 0
Component 1720 1 0
Component 1721 1 0
Component 1722 1 0
Component 1723 1 0
Component 1724 1 0
Component 1725 1 0
Component 1726 1 0
Component 1727 1 0
Component 1728 1 0
Component 1729 1 0
Component 1730 1 0
Component 1731 1 0
Component 1732 1 0
Component 1733 1 0
Component 1734 1 0
Component 1735 1 0
Component 1736 1 0
Component 1737 1 0
Component 1738 1 0
Component 1739 1 0
Component 1740 1 0
Component 1741 1 0
Component 1742 1 0
Component 1743 1 0
Component 1744 1 0
Component 1745 1 0
Component 1746 1 0
Component 1747 1 0
Component 1748 1 0
Component 1749 1 0
Component 1750 1 0
Component 1751 1 0
Component 1752 1 0
Component 1753 1 0
Component 1754 1 0
Component 1755 1 0
Component 1756 1 0
Component 1757 1 0
Component 1758 1 0
Component 1759 1 0
Component 1760 1 0
Component 1761 1 0
Component 1762 1 0
Component 1763 1 0
Component 1764 1 0
Component 1765 1 0
Component 1766 1 0
Component 1767 1 0
Component 1768 1 0
Component 1769 1 0
Component 1770 1 0
Component 1771 1 0
Component 1772 1 0
Component 1773 1 0
Component 1774 1 0
Component 1775 1 0
Component 1776 1 0
Component 1777 1 0
Component 1778 1 0
Component 1779 1 0
Component 1780 1 0
Component 1781 1 0
Component 1782 1 0
Component 1783 1 0
Component 1784 1 0
Component 1785 1 0
Component 1786 1 0
Component 1787 1 0
Component 1788 1 0
Component 1789 1 0
Component 1790 1 0
Component 1791 1 0
Component 1792 1 0
Component 1793 1 0
Component 1794 1 0
Component 1795 1 0
Component 1796 1 0
Component 1797 1 0
Component 1798 1 0
Component 1799 1 0
Component 1800 1 0
Component 1801 1 0
Component 1802 1 0
Component 1803 1 0
Component 1804 1 0
Component 1805 1 0
Component 1806 1 0
Component 1807 1 0
Component 1808 1 0
Component 1809 1 0
Component 1810 1 0
Component 1811 1 0
Component 1812 1 0
Component 1813 1 0
Component 1814 1 0
Component 1815 1 0
Component 1816 1 0
Component 1817 1 0
Component 1818 1 0
Component 1819 1 0
Component 1820 1 0
Component 1821 1 0
Component 1822 1 0
Component 1823 1 0
Component 1824 1 0
Component 1825 1 0
Component 1826 1 0
Component 1827 1 0
Component 1828 1 0
Component 1829 1 0
Component 1830 1 0
Component 1831 1 0
Component 1832 1 0
Component 1833 1 0
Component 1834 1 0
Component 1835 1 0
Component 1836 1 0
Component 1837 1 0
Component 1838 1 0
Component 1839 1 0
Component 1840 1 0
Component 1841 1 0
Component 1842 1 0
Component 1843 1 0
Component 1844 1 0
Component 1845 1 0
Component 1846 1 0
Component 1847 1 0
Component 1848 1 0
Component 1849 1 0
Component 1850 1 0
Component 1851 1 0
Component 1852 1 0
Component 1853 1 0
Component 1854 1 0
Component 1855 1 0
Component 1856 1 0
Component 1857 1 0
Component 1858 1 0
Component 1859 1 0
Component 1860 1 0
Component 1861 1 0
Component 1862 1 0
Component 1863 1 0
Component 1864 1 0
Component 1865 1 0
Component 1866 1 0
Component 1867 1 0
Component 1868 1 0
Component 1869 1 0
Component 1870 1 0
Component 1871 1 0
Component 1872 1 0
Component 1873 1 0
Component 1874 1 0
Component 1875 1 0
Component 1876 1 0
Component 1877 1 0
Component 1878 1 0
Component 1879 1 0
Component 1880 1 0
Component 1881 1 0
Component 1882 1 0
Component 1883 1 0
Component 1884 1 0
Component 1885 1 0
Component 1886 1 0
Component 1887 1 0
Component 1888 1 0
Component 1889 1 0
Component 1890 1 0
Component 1891 1 0
Component 1892 1 0
Component 1893 1 0
Component 1894 1 0
Component 1895 1 0
Component 1896 1 0
Component 1897 1 0
Component 1898 1 0
Component 1899 1 0
Component 1900 1 0
Component 1901 1 0
Component 1902 1 0
Component 1903 1 0
Component 1904 1 0
Component 1905 1 0
Component 1906 1 0
Component 1907 1 0
Component 1908 1 0
Component 1909 1 0
Component 1910 1 0
Component 1911 1 0
Component 1912 1 0
Component 1913 1 0
Component 1914 1 0
Component 1915 1 0
Component 1916 1 0
Component 1917 1 0
Component 1918 1 0
Component 1919 1 0
Component 1920 1 0
Component 1921 1 0
Component 1922 1 0
Component 1923 1 0
Component 1924 1 0
Component 1925 1 0
Component 1926 1 0
Component 1927 1 0
Component 1928 1 0
Component 1929 1 0
Component 1930 1 0
Component 1931 1 0
Component 1932 1 0
Component 1933 1 0
Component 1934 1 0
Component 1935 1 0
Component 1936 1 0
Component 1937 1 0
Component 1938 1 0
Component 1939 1 0
Component 1940 1 0
Component 1941 1 0
Component 1942 1 0
Component 1943 1 0
Component 1944 1 0
Component 1945 1 0
Component 1946 1 0
Component 1947 1 0
Component 1948 1 0
Component 1949 1 0
Component 1950 1 0
Component 1951 1 0
Component 1952 1 0
Component 1953 1 0
Component 1954 1 0
Component 1955 1 0
Component 1956 1 0
Component 1957 1 0
Component 1958 1 0
Component 1959 1 0
Component 1960 1 0
Component 1961 1 0
Component 1962 1 0
Component 1963 1 0
Component 1964 1 0
Component 1965 1 0
Component 1966 1 0
Component 1967 1 0
Component 1968 1 0
Component 1969 1 0
Component 1970 1 0
Component 1971 1 0
Component 1972 1 0
Component 1973 1 0
Component 1974 1 0
Component 1975 1 0
Component 1976 1 0
Component 1977 1 0
Component 1978 1 0
Component 1979 1 0
Component 1980 1 0
Component 1981 1 0
Component 1982 1 0
Component 1983 1 0
Component 1984 1 0
Component 1985 1 0
Component 1986 1 0
Component 1987 1 0
Component 1988 1 0
Component 1989 1 0
Component 1990 1 0
Component 1991 1 0
Component 1992 1 0
Component 1993 1 0
Component 1994 1 0
Component 1995 1 0
Component 1996 1 0
Component 1997 1 0
Component 1998 1 0
Component 1999 1 0
Component 2000 1 0
Component 2001 1 0
Component 2002 1 0
Component 2003 1 0
Component 2004 1 0
Component 2005 1 0
Component 2006 1 0
Component 2007 1 0
Component 2008 1 0
Component 2009 1 0
Component 2010 1 0
Component 2011 1 0
Component 2012 1 0
Component 2013 1 0
Component 2014 1 0
Component 2015 1 0
Component 2016 1 0
Component 2017 1 0
Component 2018 1 0
Component 2019 1 0
Component 2020 1 0
Component 2021 1 0
Component 2022 1 0
Component 2023 1 0
Component 2024 1 0
Component 2025 1 0
Component 2026 1 0
Component 2027 1 0
Component 2028 1 0
Component 2029 1 0
Component 2030 1 0
Component 2031 1 0
Component 2032 1 0
Component 2033 1 0
Component 2034 1 0
Component 2035 1 0
Component 2036 1 0
Component 2037 1 0
Component 2038 1 0
Component 2039 1 0
Component 2040 1 0
Component 2041 1 0
Component 2042 1 0
Component 2043 1 0
Component 2044 1 0
Component 2045 1 0
Component 2046 1 0
Component 2047 1 0
Component 2048 1 0
Component 2049 1 0
Component 2050 1 0
Component 2051 1 0
Component 2052 1 0
Component 2053 1 0
Component 2054 1 0
Component 2055 1 0
Component 2056 1 0
Component 2057 1 0
Component 2058 1 0
Component 2059 1 0
Component 2060 1 0
Component 2061 1 0
Component 2062 1 0
Component 2063 1 0
Component 2064 1 0
Component 2065 1 0
Component 2066 1 0
Component 2067 1 0
Component 2068 1 0
Component 2069 1 0
Component 2070 1 0
Component 2071 1 0
Component 2072 1 0
Component 2073 1 0
Component 2074 1 0
Component 2075 1 0
Component 2076 1 0
Component 2077 1 0
Component 2078 1 0
Component 2079 1 0
Component 2080 1 0
Component 2081 1 0
Component 2082 1 0
Component 2083 1 0
Component 2084 1 0
Component 2085 1 0
Component 2086 1 0
Component 2087 1 0
Component 2088 1 0
Component 2089 1 0
Component 2090 1 0
Component 2091 1 0
Component 2092 1 0
Component 2093 1 0
Component 2094 1 0
Component 2095 1 0
Component 2096 1 0
Component 2097 1 0
Component 2098 1 0
Component 2099 1 0
Component 2100 1 0
Component 2101 1 0
Component 2102 1 0
Component 2103 1 0
Component 2104 1 0
Component 2105 1 0
Component 2106 1 0
Component 2107 1 0
Component 2108 1 0
Component 2109 1 0
Component 2110 1 0
Component 2111 1 0
Component 2112 1 0
Component 2113 1 0
Component 2114 1 0
Component 2115 1 0
Component 2116 1 0
Component 2117 1 0
Component 2118 1 0
Component 2119 1 0
Component 2120 1 0
Component 2121 1 0
Component 2122 1 0
Component 2123 1 0
Component 2124 1 0
Component 2125 1 0
Component 2126 1 0
Component 2127 1 0
Component 2128 1 0
Component 2129 1 0
Component 2130 1 0
Component 2131 1 0
Component 2132 1 0
Component 2133 1 0
Component 2134 1 0
Component 2135 1 0
Component 2136 1 0
Component 2137 1 0
Component 2138 1 0
Component 2139 1 0
Component 2140 1 0
Component 2141 1 0
Component 2142 1 0
Component 2143 1 0
Component 2144 1 0
Component 2145 1 0
Component 2146 1 0
Component 2147 1 0
Component 2148 1 0
Component 2149 1 0
Component 2150 1 0
Component 2151 1 0
Component 2152 1 0
Component 2153 1 0
Component 2154 1 0
Component 2155 1 0
Component 2156 1 0
Component 2157 1 0
Component 2158 1 0
Component 2159 1 0
Component 2160 1 0
Component 2161 1 0
Component 2162 1 0
Component 2163 1 0
Component 2164 1 0
Component 2165 1 0
Component 2166 1 0
Component 2167 1 0
Component 2168 1 0
Component 2169 1 0
Component 2170 1 0
Component 2171 1 0
Component 2172 1 0
Component 2173 1 0
Component 2174 1 0
Component 2175 1 0
Component 2176 1 0
Component 2177 1 0
Component 2178 1 0
Component 2179 1 0
Component 2180 1 0
Component 2181 1 0
Component 2182 1 0
Component 2183 1 0
Component 2184 1 0
Component 2185 1 0
Component 2186 1 0
Component 2187 1 0
Component 2188 1 0
Component 2189 1 0
Component 2190 1 0
Component 2191 1 0
Component 2192 1 0
Component 2193 1 0
Component 2194 1 0
Component 2195 1 0
Component 2196 1 0
Component 2197 1 0
Component 2198 1 0
Component 2199 1 0
Component 2200 1 0
Component 2201 1 0
Component 2202 1 0
Component 2203 1 0
Component 2204 1 0
Component 2205 1 0
Component 2206 1 0
Component 2207 1 0
Component 2208 1 0
Component 2209 1 0
Component 2210 1 0
Component 2211 1 0
Component 2212 1 0
Component 2213 1 0
Component 2214 1 0
Component 2215 1 0
Component 2216 1 0
Component 2217 1 0
Component 2218 1 0
Component 2219 1 0
Component 2220 1 0
Component 2221 1 0
Component 2222 1 0
Component 2223 1 0
Component 2224 1 0
Component 2225 1 0
Component 2226 1 0
Component 2227 1 0
Component 2228 1 0
Component 2229 1 0
Component 2230 1 0
Component 2231 1 0
Component 2232 1 0
Component 2233 1 0
Component 2234 1 0
Component 2235 1 0
Component 2236 1 0
Component 2237 1 0
Component 2238 1 0
Component 2239 1 0
Component 2240 1 0
Component 2241 1 0
Component 2242 1 0
Component 2243 1 0
Component 2244 1 0
Component 2245 1 0
Component 2246 1 0
Component 2247 1 0
Component 2248 1 0
Component 2249 1 0
Component 2250 1 0
Component 2251 1 0
Component 2252 1 0
Component 2253 1 0
Component 2254 1 0
Component 2255 1 0
Component 2256 1 0
Component 2257 1 0
Component 2258 1 0
Component 2259 1 0
Component 2260 1 0
Component 2261 1 0
Component 2262 1 0
Component 2263 1 0
Component 2264 1 0
Component 2265 1 0
Component 2266 1 0
Component 2267 1 0
Component 2268 1 0
Component 2269 1 0
Component 2270 1 0
Component 2271 1 0
Component 2272 1 0
Component 2273 1 0
Component 2274 1 0
Component 2275 1 0
Component 2276 1 0
Component 2277 1 0
Component 2278 1 0
Component 2279 1 0
Component 2280 1 0
Component 2281 1 0
Component 2282 1 0
Component 2283 1 0
Component 2284 1 0
Component 2285 1 0
Component 2286 1 0
Component 2287 1 0
Component 2288 1 0
Component 2289 1 0
Component 2290 1 0
Component 2291 1 0
Component 2292 1 0
Component 2293 1 0
Component 2294 1 0
Component 2295 1 0
Component 2296 1 0
Component 2297 1 0
Component 2298 1 0
Component 2299 1 0
Component 2300 1 0
Component 2301 1 0
Component 2302 1 0
Component 2303 1 0
Component 2304 1 0
Component 2305 1 0
Component 2306 1 0
Component 2307 1 0
Component 2308 1 0
Component 2309 1 0
Component 2310 1 0
Component 2311 1 0
Component 2312 1 0
Component 2313 1 0
Component 2314 1 0
Component 2315 1 0
Component 2316 1 0
Component 2317 1 0
Component 2318 1 0
Component 2319 1 0
Component 2320 1 0
Component 2321 1 0
Component 2322 1 0
Component 2323 1 0
Component 2324 1 0
Component 2325 1 0
Component 2326 1 0
Component 2327 1 0
Component 2328 1 0
Component 2329 1 0
Component 2330 1 0
Component 2331 1 0
Component 2332 1 0
Component 2333 1 0
Component 2334 1 0
Component 2335 1 0
Component 2336 1 0
Component 2337 1 0
Component 2338 1 0
Component 2339 1 0
Component 2340 1 0
Component 2341 1 0
Component 2342 1 0
Component 2343 1 0
Component 2344 1 0
Component 2345 1 0
Component 2346 1 0
Component 2347 1 0
Component 2348 1 0
Component 2349 1 0
Component 2350 1 0
Component 2351 1 0
Component 2352 1 0
Component 2353 1 0
Component 2354 1 0
Component 2355 1 0
Component 2356 1 0
Component 2357 1 0
Component 2358 1 0
Component 2359 1 0
Component 2360 1 0
Component 2361 1 0
Component 2362 1 0
Component 2363 1 0
Component 2364 1 0
Component 2365 1 0
Component 2366 1 0
Component 2367 1 0
Component 2368 1 0
Component 2369 1 0
Component 2370 1 0
Component 2371 1 0
Component 2372 1 0
Component 2373 1 0
Component 2374 1 0
Component 2375 1 0
Component 2376 1 0
Component 2377 1 0
Component 2378 1 0
Component 2379 1 0
Component 2380 1 0
Component 2381 1 0
Component 2382 1 0
Component 2383 1 0
Component 2384 1 0
Component 2385 1 0
Component 2386 1 0
Component 2387 1 0
Component 2388 1 0
Component 2389 1 0
Component 2390 1 0
Component 2391 1 0
Component 2392 1 0
Component 2393 1 0
Component 2394 1 0
Component 2395 1 0
Component 2396 1 0
Component 2397 1 0
Component 2398 1 0
Component 2399 1 0
Component 2400 1 0
Component 2401 1 0
Component 2402 1 0
Component 2403 1 0
Component 2404 1 0
Component 2405 1 0
Component 2406 1 0
Component 2407 1 0
Component 2408 1 0
Component 2409 1 0
Component 2410 1 0
Component 2411 1 0
Component 2412 1 0
Component 2413 1 0
Component 2414 1 0
Component 2415 1 0
Component 2416 1 0
Component 2417 1 0
Component 2418 1 0
Component 2419 1 0
Component 2420 1 0
Component 2421 1 0
Component 2422 1 0
Component 2423 1 0
Component 2424 1 0
Component 2425 1 0
Component 2426 1 0
Component 2427 1 0
Component 2428 1 0
Component 2429 1 0
Component 2430 1 0
Component 2431 1 0
Component 2432 1 0
Component 2433 1 0
Component 2434 1 0
Component 2435 1 0
Component 2436 1 0
Component 2437 1 0
Component 2438 1 0
Component 2439 1 0
Component 2440 1 0
Component 2441 1 0
Component 2442 1 0
Component 2443 1 0
Component 2444 1 0
Component 2445 1 0
Component 2446 1 0
Component 2447 1 0
Component 2448 1 0
Component 2449 1 0
Component 2450 1 0
Component 2451 1 0
Component 2452 1 0
Component 2453 1 0
Component 2454 1 0
Component 2455 1 0
Component 2456 1 0
Component 2457 1 0
Component 2458 1 0
Component 2459 1 0
Component 2460 1 0
Component 2461 1 0
Component 2462 1 0
Component 2463 1 0
Component 2464 1 0
Component 2465 1 0
Component 2466 1 0
Component 2467 1 0
Component 2468 1 0
Component 2469 1 0
Component 2470 1 0
Component 2471 1 0
Component 2472 1 0
Component 2473 1 0
Component 2474 1 0
Component 2475 1 0
Component 2476 1 0
Component 2477 1 0
Component 2478 1 0
Component 2479 1 0
Component 2480 1 0
Component 2481 1 0
Component 2482 1 0
Component 2483 1 0
Component 2484 1 0
Component 2485 1 0
Component 2486 1 0
Component 2487 1 0
Component 2488 1 0
Component 2489 1 0
Component 2490 1 0
Component 2491 1 0
Component 2492 1 0
Component 2493 1 0
Component 2494 1 0
Component 2495 1 0
Component 2496 1 0
Component 2497 1 0
Component 2498 1 0
Component 2499 1 0
Component 2500 1 0
Component 2501 1 0
Component 2502 1 0
Component 2503 1 0
Component 2504 1 0
Component 2505 1 0
Component 2506 1 0
Component 2507 1 0
Component 2508 1 0
Component 2509 1 0
Component 2510 1 0
Component 2511 1 0
Component 2512 1 0
Component 2513 1 0
Component 2514 1 0
Component 2515 1 0
Component 2516 1 0
Component 2517 1 0
Component 2518 1 0
Component 2519 1 0
Component 2520 1 0
Component 2521 1 0
Component 2522 1 0
Component 2523 1 0
Component 2524 1 0
Component 2525 1 0
Component 2526 1 0
Component 2527 1 0
Component 2528 1 0
Component 2529 1 0
Component 2530 1 0
Component 2531 1 0
Component 2532 1 0
Component 2533 1 0
Component 2534 1 0
Component 2535 1 0
Component 2536 1 0
Component 2537 1 0
Component 2538 1 0
Component 2539 1 0
Component 2540 1 0
Component 2541 1 0
Component 2542 1 0
Component 2543 1 0
Component 2544 1 0
Component 2545 1 0
Component 2546 1 0
Component 2547 1 0
Component 2548 1 0
Component 2549 1 0
Component 2550 1 0
Component 2551 1 0
Component 2552 1 0
Component 2553 1 0
Component 2554 1 0
Component 2555 1 0
Component 2556 1 0
Component 2557 1 0
Component 2558 1 0
Component 2559 1 0
Component 2560 1 0
Component 2561 1 0
Component 2562 1 0
Component 2563 1 0
Component 2564 1 0
Component 2565 1 0
Component 2566 1 0
Component 2567 1 0
Component 2568 1 0
Component 2569 1 0
Component 2570 1 0
Component 2571 1 0
Component 2572 1 0
Component 2573 1 0
Component 2574 1 0
Component 2575 1 0
Component 2576 1 0
Component 2577 1 0
Component 2578 1 0
Component 2579 1 0
Component 2580 1 0
Component 2581 1 0
Component 2582 1 0
Component 2583 1 0
Component 2584 1 0
Component 2585 1 0
Component 2586 1 0
Component 2587 1 0
Component 2588 1 0
Component 2589 1 0
Component 2590 1 0
Component 2591 1 0
Component 2592 1 0
Component 2593 1 0
Component 2594 1 0
Component 2595 1 0
Component 2596 1 0
Component 2597 1 0
Component 2598 1 0
Component 2599 1 0
Component 2600 1 0
Component 2601 1 0
Component 2602 1 0
Component 2603 1 0
Component 2604 1 0
Component 2605 1 0
Component 2606 1 0
Component 2607 1 0
Component 2608 1 0
Component 2609 1 0
Component 2610 1 0
Component 2611 1 0
Component 2612 1 0
Component 2613 1 0
Component 2614 1 0
Component 2615 1 0
Component 2616 1 0
Component 2617 1 0
Component 2618 1 0
Component 2619 1 0
Component 2620 1 0
Component 2621 1 0
Component 2622 1 0
Component 2623 1 0
Component 2624 1 0
Component 2625 1 0
Component 2626 1 0
Component 2627 1 0
Component 2628 1 0
Component 2629 1 0
Component 2630 1 0
Component 2631 1 0
Component 2632 1 0
Component 2633 1 0
Component 2634 1 0
Component 2635 1 0
Component 2636 1 0
Component 2637 1 0
Component 2638 1 0
Component 2639 1 0
Component 2640 1 0
Component 2641 1 0
Component 2642 1 0
Component 2643 1 0
Component 2644 1 0
Component 2645 1 0
Component 2646 1 0
Component 2647 1 0
Component 2648 1 0
Component 2649 1 0
Component 2650 1 0
Component 2651 1 0
Component 2652 1 0
Component 2653 1 0
Component 2654 1 0
Component 2655 1 0
Component 2656 1 0
Component 2657 1 0
Component 2658 1 0
Component 2659 1 0
Component 2660 1 0
Component 2661 1 0
Component 2662 1 0
Component 2663 1 0
Component 2664 1 0
Component 2665 1 0
Component 2666 1 0
Component 2667 1 0
Component 2668 1 0
Component 2669 1 0
Component 2670 1 0
Component 2671 1 0
Component 2672 1 0
Component 2673 1 0
Component 2674 1 0
Component 2675 1 0
Component 2676 1 0
Component 2677 1 0
Component 2678 1 0
Component 2679 1 0
Component 2680 1 0
Component 2681 1 0
Component 2682 1 0
Component 2683 1 0
Component 2684 1 0
Component 2685 1 0
Component 2686 1 0
Component 2687 1 0
Component 2688 1 0
Component 2689 1 0
Component 2690 1 0
Component 2691 1 0
Component 2692 1 0
Component 2693 1 0
Component 2694 1 0
Component 2695 1 0
Component 2696 1 0
Component 2697 1 0
Component 2698 1 0
Component 2699 1 0
Component 2700 1 0
Component 2701 1 0
Component 2702 1 0
Component 2703 1 0
Component 2704 1 0
Component 2705 1 0
Component 2706 1 0
Component 2707 1 0
Component 2708 1 0
Component 2709 1 0
Component 2710 1 0
Component 2711 1 0
Component 2712 1 0
Component 2713 1 0
Component 2714 1 0
Component 2715 1 0
Component 2716 1 0
Component 2717 1 0
Component 2718 1 0
Component 2719 1 0
Component 2720 1 0
Component 2721 1 0
Component 2722 1 0
Component 2723 1 0
Component 2724 1 0
Component 2725 1 0
Component 2726 1 0
Component 2727 1 0
Component 2728 1 0
Component 2729 1 0
Component 2730 1 0
Component 2731 1 0
Component 2732 1 0
Component 2733 1 0
Component 2734 1 0
Component 2735 1 0
Component 2736 1 0
Component 2737 1 0
Component 2738 1 0
Component 2739 1 0
Component 2740 1 0
Component 2741 1 0
Component 2742 1 0
Component 2743 1 0
Component 2744 1 0
Component 2745 1 0
Component 2746 1 0
Component 2747 1 0
Component 2748 1 0
Component 2749 1 0
Component 2750 1 0
Component 2751 1 0
Component 2752 1 0
Component 2753 1 0
Component 2754 1 0
Component 2755 1 0
Component 2756 1 0
Component 2757 1 0
Component 2758 1 0
Component 2759 1 0
Component 2760 1 0
Component 2761 1 0
Component 2762 1 0
Component 2763 1 0
Component 2764 1 0
Component 2765 1 0
Component 2766 1 0
Component 2767 1 0
Component 2768 1 0
Component 2769 1 0
Component 2770 1 0
Component 2771 1 0
Component 2772 1 0
Component 2773 1 0
Component 2774 1 0
Component 2775 1 0
Component 2776 1 0
Component 2777 1 0
Component 2778 1 0
Component 2779 1 0
Component 2780 1 0
Component 2781 1 0
Component 2782 1 0
Component 2783 1 0
Component 2784 1 0
Component 2785 1 0
Component 2786 1 0
Component 2787 1 0
Component 2788 1 0
Component 2789 1 0
Component 2790 1 0
Component 2791 1 0
Component 2792 1 0
Component 2793 1 0
Component 2794 1 0
Component 2795 1 0
Component 2796 1 0
Component 2797 1 0
Component 2798 1 0
Component 2799 1 0
Component 2800 1 0
Component 2801 1 0
Component 2802 1 0
Component 2803 1 0
Component 2804 1 0
Component 2805 1 0
Component 2806 1 0
Component 2807 1 0
Component 2808 1 0
Component 2809 1 0
Component 2810 1 0
Component 2811 1 0
Component 2812 1 0
Component 2813 1 0
Component 2814 1 0
Component 2815 1 0
Component 2816 1 0
Component 2817 1 0
Component 2818 1 0
Component 2819 1 0
Component 2820 1 0
Component 2821 1 0
Component 2822 1 0
Component 2823 1 0
Component 2824 1 0
Component 2825 1 0
Component 2826 1 0
Component 2827 1 0
Component 2828 1 0
Component 2829 1 0
Component 2830 1 0
Component 2831 1 0
Component 2832 1 0
Component 2833 1 0
Component 2834 1 0
Component 2835 1 0
Component 2836 1 0
Component 2837 1 0
Component 2838 1 0
Component 2839 1 0
Component 2840 1 0
Component 2841 1 0
Component 2842 1 0
Component 2843 1 0
Component 2844 1 0
Component 2845 1 0
Component 2846 1 0
Component 2847 1 0
Component 2848 1 0
Component 2849 1 0
Component 2850 1 0
Component 2851 1 0
Component 2852 1 0
Component 2853 1 0
Component 2854 1 0
Component 2855 1 0
Component 2856 1 0
Component 2857 1 0
Component 2858 1 0
Component 2859 1 0
Component 2860 1 0
Component 2861 1 0
Component 2862 1 0
Component 2863 1 0
Component 2864 1 0
Component 2865 1 0
Component 2866 1 0
Component 2867 1 0
Component 2868 1 0
Component 2869 1 0
Component 2870 1 0
Component 2871 1 0
Component 2872 1 0
Component 2873 1 0
Component 2874 1 0
Component 2875 1 0
Component 2876 1 0
Component 2877 1 0
Component 2878 1 0
Component 2879 1 0
Component 2880 1 0
Component 2881 1 0
Component 2882 1 0
Component 2883 1 0
Component 2884 1 0
Component 2885 1 0
Component 2886 1 0
Component 2887 1 0
Component 2888 1 0
Component 2889 1 0
Component 2890 1 0
Component 2891 1 0
Component 2892 1 0
Component 2893 1 0
Component 2894 1 0
Component 2895 1 0
Component 2896 1 0
Component 2897 1 0
Component 2898 1 0
Component 2899 1 0
Component 2900 1 0
Component 2901 1 0
Component 2902 1 0
Component 2903 1 0
Component 2904 1 0
Component 2905 1 0
Component 2906 1 0
Component 2907 1 0
Component 2908 1 0
Component 2909 1 0
Component 2910 1 0
Component 2911 1 0
Component 2912 1 0
Component 2913 1 0
Component 2914 1 0
Component 2915 1 0
Component 2916 1 0
Component 2917 1 0
Component 2918 1 0
Component 2919 1 0
Component 2920 1 0
Component 2921 1 0
Component 2922 1 0
Component 2923 1 0
Component 2924 1 0
Component 2925 1 0
Component 2926 1 0
Component 2927 1 0
Component 2928 1 0
Component 2929 1 0
Component 2930 1 0
Component 2931 1 0
Component 2932 1 0
Component 2933 1 0
Component 2934 1 0
Component 2935 1 0
Component 2936 1 0
Component 2937 1 0
Component 2938 1 0
Component 2939 1 0
Component 2940 1 0
Component 2941 1 0
Component 2942 1 0
Component 2943 1 0
Component 2944 1 0
Component 2945 1 0
Component 2946 1 0
Component 2947 1 0
Component 2948 1 0
Component 2949 1 0
Component 2950 1 0
Component 2951 1 0
Component 2952 1 0
Component 2953 1 0
Component 2954 1 0
Component 2955 1 0
Component 2956 1 0
Component 2957 1 0
Component 2958 1 0
Component 2959 1 0
Component 2960 1 0
Component 2961 1 0
Component 2962 1 0
Component 2963 1 0
Component 2964 1 0
Component 2965 1 0
Component 2966 1 0
Component 2967 1 0
Component 2968 1 0
Component 2969 1 0
Component 2970 1 0
Component 2971 1 0
Component 2972 1 0
Component 2973 1 0
Component 2974 1 0
Component 2975 1 0
Component 2976 1 0
Component 2977 1 0
Component 2978 1 0
Component 2979 1 0
Component 2980 1 0
Component 2981 1 0
Component 2982 1 0
Component 2983 1 0
Component 2984 1 0
Component 2985 1 0
Component 2986 1 0
Component 2987 1 0
Component 2988 1 0
Component 2989 1 0
Component 2990 1 0
Component 2991 1 0
Component 2992 1 0
Component 2993 1 0
Component 2994 1 0
Component 2995 1 0
Component 2996 1 0
Component 2997 1 0
Component 2998 1 0
Component 2999 1 0
Component 3000 1 0
Component 3001 1 0
Component 3002 1 0
Component 3003 1 0
Component 3004 1 0
Component 3005 1 0
Component 3006 1 0
Component 3007 1 0
Component 3008 1 0
Component 3009 1 0
Component 3010 1 0
Component 3011 1 0
Component 3012 1 0
Component 3013 1 0
Component 3014 1 0
Component 3015 1 0
Component 3016 1 0
Component 3017 1 0
Component 3018 1 0
Component 3019 1 0
Component 3020 1 0
Component 3021 1 0
Component 3022 1 0
Component 3023 1 0
Component 3024 1 0
Component 3025 1 0
Component 3026 1 0
Component 3027 1 0
Component 3028 1 0
Component 3029 1 0
Component 3030 1 0
Component 3031 1 0
Component 3032 1 0
Component 3033 1 0
Component 3034 1 0
Component 3035 1 0
Component 3036 1 0
Component 3037 1 0
Component 3038 1 0
Component 3039 1 0
Component 3040 1 0
Component 3041 1 0
Component 3042 1 0
Component 3043 1 0
Component 3044 1 0
Component 3045 1 0
Component 3046 1 0
Component 3047 1 0
Component 3048 1 0
Component 3049 1 0
Component 3050 1 0
Component 3051 1 0
Component 3052 1 0
Component 3053 1 0
Component 3054 1 0
Component 3055 1 0
Component 3056 1 0
Component 3057 1 0
Component 3058 1 0
Component 3059 1 0
Component 3060 1 0
Component 3061 1 0
Component 3062 1 0
Component 3063 1 0
Component 3064 1 0
Component 3065 1 0
Component 3066 1 0
Component 3067 1 0
Component 3068 1 0
Component 3069 1 0
Component 3070 1 0
Component 3071 1 0
Component 3072 1 0
Component 3073 1 0
Component 3074 1 0
Component 3075 1 0
Component 3076 1 0
Component 3077 1 0
Component 3078 1 0
Component 3079 1 0
Component 3080 1 0
Component 3081 1 0
Component 3082 1 0
Component 3083 1 0
Component 3084 1 0
Component 3085 1 0
Component 3086 1 0
Component 3087 1 0
Component 3088 1 0
Component 3089 1 0
Component 3090 1 0
Component 3091 1 0
Component 3092 1 0
Component 3093 1 0
Component 3094 1 0
Component 3095 1 0
Component 3096 1 0
Component 3097 1 0
Component 3098 1 0
Component 3099 1 0
Component 3100 1 0
Component 3101 1 0
Component 3102 1 0
Component 3103 1 0
Component 3104 1 0
Component 3105 1 0
Component 3106 1 0
Component 3107 1 0
Component 3108 1 0
Component 3109 1 0
Component 3110 1 0
Component 3111 1 0
Component 3112 1 0
Component 3113 1 0
Component 3114 1 0
Component 3115 1 0
Component 3116 1 0
Component 3117 1 0
Component 3118 1 0
Component 3119 1 0
Component 3120 1 0
Component 3121 1 0
Component 3122 1 0
Component 3123 1 0
Component 3124 1 0
Component 3125 1 0
Component 3126 1 0
Component 3127 1 0
Component 3128 1 0
Component 3129 1 0
Component 3130 1 0
Component 3131 1 0
Component 3132 1 0
Component 3133 1 0
Component 3134 1 0
Component 3135 1 0
Component 3136 1 0
Component 3137 1 0
Component 3138 1 0
Component 3139 1 0
Component 3140 1 0
Component 3141 1 0
Component 3142 1 0
Component 3143 1 0
Component 3144 1 0
Component 3145 1 0
Component 3146 1 0
Component 3147 1 0
Component 3148 1 0
Component 3149 1 0
Component 3150 1 0
Component 3151 1 0
Component 3152 1 0
Component 3153 1 0
Component 3154 1 0
Component 3155 1 0
Component 3156 1 0
Component 3157 1 0
Component 3158 1 0
Component 3159 1 0
Component 3160 1 0
Component 3161 1 0
Component 3162 1 0
Component 3163 1 0
Component 3164 1 0
Component 3165 1 0
Component 3166 1 0
Component 3167 1 0
Component 3168 1 0
Component 3169 1 0
Component 3170 1 0
Component 3171 1 0
Component 3172 1 0
Component 3173 1 0
Component 3174 1 0
Component 3175 1 0
Component 3176 1 0
Component 3177 1 0
Component 3178 1 0
Component 3179 1 0
Component 3180 1 0
Component 3181 1 0
Component 3182 1 0
Component 3183 1 0
Component 3184 1 0
Component 3185 1 0
Component 3186 1 0
Component 3187 1 0
Component 3188 1 0
Component 3189 1 0
Component 3190 1 0
Component 3191 1 0
Component 3192 1 0
Component 3193 1 0
Component 3194 1 0
Component 3195 1 0
Component 3196 1 0
Component 3197 1 0
Component 3198 1 0
Component 3199 1 0
Component 3200 1 0
Component 3201 1 0
Component 3202 1 0
Component 3203 1 0
Component 3204 1 0
Component 3205 1 0
Component 3206 1 0
Component 3207 1 0
Component 3208 1 0
Component 3209 1 0
Component 3210 1 0
Component 3211 1 0
Component 3212 1 0
Component 3213 1 0
Component 3214 1 0
Component 3215 1 0
Component 3216 1 0
Component 3217 1 0
Component 3218 1 0
Component 3219 1 0
Component 3220 1 0
Component 3221 1 0
Component 3222 1 0
Component 3223 1 0
Component 3224 1 0
Component 3225 1 0
Component 3226 1 0
Component 3227 1 0
Component 3228 1 0
Component 3229 1 0
Component 3230 1 0
Component 3231 1 0
Component 3232 1 0
Component 3233 1 0
Component 3234 1 0
Component 3235 1 0
Component 3236 1 0
Component 3237 1 0
Component 3238 1 0
Component 3239 1 0
Component 3240 1 0
Component 3241 1 0
Component 3242 1 0
Component 3243 1 0
Component 3244 1 0
Component 3245 1 0
Component 3246 1 0
Component 3247 1 0
Component 3248 1 0
Component 3249 1 0
Component 3250 1 0
Component 3251 1 0
Component 3252 1 0
Component 3253 1 0
Component 3254 1 0
Component 3255 1 0
Component 3256 1 0
Component 3257 1 0
Component 3258 1 0
Component 3259 1 0
Component 3260 1 0
Component 3261 1 0
Component 3262 1 0
Component 3263 1 0
Component 3264 1 0
Component 3265 1 0
Component 3266 1 0
Component 3267 1 0
Component 3268 1 0
Component 3269 1 0
Component 3270 1 0
Component 3271 1 0
Component 3272 1 0
Component 3273 1 0
Component 3274 1 0
Component 3275 1 0
Component 3276 1 0
Component 3277 1 0
Component 3278 1 0
Component 3279 1 0
Component 3280 1 0
Component 3281 1 0
Component 3282 1 0
Component 3283 1 0
Component 3284 1 0
Component 3285 1 0
Component 3286 1 0
Component 3287 1 0
Component 3288 1 0
Component 3289 1 0
Component 3290 1 0
Component 3291 1 0
Component 3292 1 0
Component 3293 1 0
Component 3294 1 0
Component 3295 1 0
Component 3296 1 0
Component 3297 1 0
Component 3298 1 0
Component 3299 1 0
Component 3300 1 0
Component 3301 1 0
Component 3302 1 0
Component 3303 1 0
Component 3304 1 0
Component 3305 1 0
Component 3306 1 0
Component 3307 1 0
Component 3308 1 0
Component 3309 1 0
Component 3310 1 0
Component 3311 1 0
Component 3312 1 0
Component 3313 1 0
Component 3314 1 0
Component 3315 1 0
Component 3316 1 0
Component 3317 1 0
Component 3318 1 0
Component 3319 1 0
Component 3320 1 0
Component 3321 1 0
Component 3322 1 0
Component 3323 1 0
Component 3324 1 0
Component 3325 1 0
Component 3326 1 0
Component 3327 1 0
Component 3328 1 0
Component 3329 1 0
Component 3330 1 0
Component 3331 1 0
Component 3332 1 0
Component 3333 1 0
Component 3334 1 0
Component 3335 1 0
Component 3336 1 0
Component 3337 1 0
Component 3338 1 0
Component 3339 1 0
Component 3340 1 0
Component 3341 1 0
Component 3342 1 0
Component 3343 1 0
Component 3344 1 0
Component 3345 1 0
Component 3346 1 0
Component 3347 1 0
Component 3348 1 0
Component 3349 1 0
Component 3350 1 0
Component 3351 1 0
Component 3352 1 0
Component 3353 1 0
Component 3354 1 0
Component 3355 1 0
Component 3356 1 0
Component 3357 1 0
Component 3358 1 0
Component 3359 1 0
Component 3360 1 0
Component 3361 1 0
Component 3362 1 0
Component 3363 1 0
Component 3364 1 0
Component 3365 1 0
Component 3366 1 0
Component 3367 1 0
Component 3368 1 0
Component 3369 1 0
Component 3370 1 0
Component 3371 1 0
Component 3372 1 0
Component 3373 1 0
Component 3374 1 0
Component 3375 1 0
Component 3376 1 0
Component 3377 1 0
Component 3378 1 0
Component 3379 1 0
Component 3380 1 0
Component 3381 1 0
Component 3382 1 0
Component 3383 1 0
Component 3384 1 0
Component 3385 1 0
Component 3386 1 0
Component 3387 1 0
Component 3388 1 0
Component 3389 1 0
Component 3390 1 0
Component 3391 1 0
Component 3392 1 0
Component 3393 1 0
Component 3394 1 0
Component 3395 1 0
Component 3396 1 0
Component 3397 1 0
Component 3398 1 0
Component 3399 1 0
Component 3400 1 0
Component 3401 1 0
Component 3402 1 0
Component 3403 1 0
Component 3404 1 0
Component 3405 1 0
Component 3406 1 0
Component 3407 1 0
Component 3408 1 0
Component 3409 1 0
Component 3410 1 0
Component 3411 1 0
Component 3412 1 0
Component 3413 1 0
Component 3414 1 0
Component 3415 1 0
Component 3416 1 0
Component 3417 1 0
Component 3418 1 0
Component 3419 1 0
Component 3420 1 0
Component 3421 1 0
Component 3422 1 0
Component 3423 1 0
Component 3424 1 0
Component 3425 1 0
Component 3426 1 0
Component 3427 1 0
Component 3428 1 0
Component 3429 1 0
Component 3430 1 0
Component 3431 1 0
Component 3432 1 0
Component 3433 1 0
Component 3434 1 0
Component 3435 1 0
Component 3436 1 0
Component 3437 1 0
Component 3438 1 0
Component 3439 1 0
Component 3440 1 0
Component 3441 1 0
Component 3442 1 0
Component 3443 1 0
Component 3444 1 0
Component 3445 1 0
Component 3446 1 0
Component 3447 1 0
Component 3448 1 0
Component 3449 1 0
Component 3450 1 0
Component 3451 1 0
Component 3452 1 0
Component 3453 1 0
Component 3454 1 0
Component 3455 1 0
Component 3456 1 0
Component 3457 1 0
Component 3458 1 0
Component 3459 1 0
Component 3460 1 0
Component 3461 1 0
Component 3462 1 0
Component 3463 1 0
Component 3464 1 0
Component 3465 1 0
Component 3466 1 0
Component 3467 1 0
Component 3468 1 0
Component 3469 1 0
Component 3470 1 0
Component 3471 1 0
Component 3472 1 0
Component 3473 1 0
Component 3474 1 0
Component 3475 1 0
Component 3476 1 0
Component 3477 1 0
Component 3478 1 0
Component 3479 1 0
Component 3480 1 0
Component 3481 1 0
Component 3482 1 0
Component 3483 1 0
Component 3484 1 0
Component 3485 1 0
Component 3486 1 0
Component 3487 1 0
Component 3488 1 0
Component 3489 1 0
Component 3490 1 0
Component 3491 1 0
Component 3492 1 0
Component 3493 1 0
Component 3494 1 0
Component 3495 1 0
Component 3496 1 0
Component 3497 1 0
Component 3498 1 0
Component 3499 1 0
Component 3500 1 0
Component 3501 1 0
Component 3502 1 0
Component 3503 1 0
Component 3504 1 0
Component 3505 1 0
Component 3506 1 0
Component 3507 1 0
Component 3508 1 0
Component 3509 1 0
Component 3510 1 0
Component 3511 1 0
Component 3512 1 0
Component 3513 1 0
Component 3514 1 0
Component 3515 1 0
Component 3516 1 0
Component 3517 1 0
Component 3518 1 0
Component 3519 1 0
Component 3520 1 0
Component 3521 1 0
Component 3522 1 0
Component 3523 1 0
Component 3524 1 0
Component 3525 1 0
Component 3526 1 0
Component 3527 1 0
Component 3528 1 0
Component 3529 1 0
Component 3530 1 0
Component 3531 1 0
Component 3532 1 0
Component 3533 1 0
Component 3534 1 0
Component 3535 1 0
Component 3536 1 0
Component 3537 1 0
Component 3538 1 0
Component 3539 1 0
Component 3540 1 0
Component 3541 1 0
Component 3542 1 0
Component 3543 1 0
Component 3544 1 0
Component 3545 1 0
Component 3546 1 0
Component 3547 1 0
Component 3548 1 0
Component 3549 1 0
Component 3550 1 0
Component 3551 1 0
Component 3552 1 0
Component 3553 1 0
Component 3554 1 0
Component 3555 1 0
Component 3556 1 0
Component 3557 1 0
Component 3558 1 0
Component 3559 1 0
Component 3560 1 0
Component 3561 1 0
Component 3562 1 0
Component 3563 1 0
Component 3564 1 0
Component 3565 1 0
Component 3566 1 0
Component 3567 1 0
Component 3568 1 0
Component 3569 1 0
Component 3570 1 0
Component 3571 1 0
Component 3572 1 0
Component 3573 1 0
Component 3574 1 0
Component 3575 1 0
Component 3576 1 0
Component 3577 1 0
Component 3578 1 0
Component 3579 1 0
Component 3580 1 0
Component 3581 1 0
Component 3582 1 0
Component 3583 1 0
Component 3584 1 0
Component 3585 1 0
Component 3586 1 0
Component 3587 1 0
Component 3588 1 0
Component 3589 1 0
Component 3590 1 0
Component 3591 1 0
Component 3592 1 0
Component 3593 1 0
Component 3594 1 0
Component 3595 1 0
Component 3596 1 0
Component 3597 1 0
Component 3598 1 0
Component 3599 1 0
Component 3600 1 0
Component 3601 1 0
Component 3602 1 0
Component 3603 1 0
Component 3604 1 0
Component 3605 1 0
Component 3606 1 0
Component 3607 1 0
Component 3608 1 0
Component 3609 1 0
Component 3610 1 0
Component 3611 1 0
Component 3612 1 0
Component 3613 1 0
Component 3614 1 0
Component 3615 1 0
Component 3616 1 0
Component 3617 1 0
Component 3618 1 0
Component 3619 1 0
Component 3620 1 0
Component 3621 1 0
Component 3622 1 0
Component 3623 1 0
Component 3624 1 0
Component 3625 1 0
Component 3626 1 0
Component 3627 1 0
Component 3628 1 0
Component 3629 1 0
Component 3630 1 0
Component 3631 1 0
Component 3632 1 0
Component 3633 1 0
Component 3634 1 0
Component 3635 1 0
Component 3636 1 0
Component 3637 1 0
Component 3638 1 0
Component 3639 1 0
Component 3640 1 0
Component 3641 1 0
Component 3642 1 0
Component 3643 1 0
Component 3644 1 0
Component 3645 1 0
Component 3646 1 0
Component 3647 1 0
Component 3648 1 0
Component 3649 1 0
Component 3650 1 0
Component 3651 1 0
Component 3652 1 0
Component 3653 1 0
Component 3654 1 0
Component 3655 1 0
Component 3656 1 0
Component 3657 1 0
Component 3658 1 0
Component 3659 1 0
Component 3660 1 0
Component 3661 1 0
Component 3662 1 0
Component 3663 1 0
Component 3664 1 0
Component 3665 1 0
Component 3666 1 0
Component 3667 1 0
Component 3668 1 0
Component 3669 1 0
Component 3670 1 0
Component 3671 1 0
Component 3672 1 0
Component 3673 1 0
Component 3674 1 0
Component 3675 1 0
Component 3676 1 0
Component 3677 1 0
Component 3678 1 0
Component 3679 1 0
Component 3680 1 0
Component 3681 1 0
Component 3682 1 0
Component 3683 1 0
Component 3684 1 0
Component 3685 1 0
Component 3686 1 0
Component 3687 1 0
Component 3688 1 0
Component 3689 1 0
Component 3690 1 0
Component 3691 1 0
Component 3692 1 0
Component 3693 1 0
Component 3694 1 0
Component 3695 1 0
Component 3696 1 0
Component 3697 1 0
Component 3698 1 0
Component 3699 1 0
Component 3700 1 0
Component 3701 1 0
Component 3702 1 0
Component 3703 1 0
Component 3704 1 0
Component 3705 1 0
Component 3706 1 0
Component 3707 1 0
Component 3708 1 0
Component 3709 1 0
Component 3710 1 0
Component 3711 1 0
Component 3712 1 0
Component 3713 1 0
Component 3714 1 0
Component 3715 1 0
Component 3716 1 0
Component 3717 1 0
Component 3718 1 0
Component 3719 1 0
Component 3720 1 0
Component 3721 1 0
Component 3722 1 0
Component 3723 1 0
Component 3724 1 0
Component 3725 1 0
Component 3726 1 0
Component 3727 1 0
Component 3728 1 0
Component 3729 1 0
Component 3730 1 0
Component 3731 1 0
Component 3732 1 0
Component 3733 1 0
Component 3734 1 0
Component 3735 1 0
Component 3736 1 0
Component 3737 1 0
Component 3738 1 0
Component 3739 1 0
Component 3740 1 0
Component 3741 1 0
Component 3742 1 0
Component 3743 1 0
Component 3744 1 0
Component 3745 1 0
Component 3746 1 0
Component 3747 1 0
Component 3748 1 0
Component 3749 1 0
Component 3750 1 0
Component 3751 1 0
Component 3752 1 0
Component 3753 1 0
Component 3754 1 0
Component 3755 1 0
Component 3756 1 0
Component 3757 1 0
Component 3758 1 0
Component 3759 1 0
Component 3760 1 0
Component 3761 1 0
Component 3762 1 0
Component 3763 1 0
Component 3764 1 0
Component 3765 1 0
Component 3766 1 0
Component 3767 1 0
Component 3768 1 0
Component 3769 1 0
Component 3770 1 0
Component 3771 1 0
Component 3772 1 0
Component 3773 1 0
Component 3774 1 0
Component 3775 1 0
Component 3776 1 0
Component 3777 1 0
Component 3778 1 0
Component 3779 1 0
Component 3780 1 0
Component 3781 1 0
Component 3782 1 0
Component 3783 1 0
Component 3784 1 0
Component 3785 1 0
Component 3786 1 0
Component 3787 1 0
Component 3788 1 0
Component 3789 1 0
Component 3790 1 0
Component 3791 1 0
Component 3792 1 0
Component 3793 1 0
Component 3794 1 0
Component 3795 1 0
Component 3796 1 0
Component 3797 1 0
Component 3798 1 0
Component 3799 1 0
Component 3800 1 0
Component 3801 1 0
Component 3802 1 0
Component 3803 1 0
Component 3804 1 0
Component 3805 1 0
Component 3806 1 0
Component 3807 1 0
Component 3808 1 0
Component 3809 1 0
Component 3810 1 0
Component 3811 1 0
Component 3812 1 0
Component 3813 1 0
Component 3814 1 0
Component 3815 1 0
Component 3816 1 0
Component 3817 1 0
Component 3818 1 0
Component 3819 1 0
Component 3820 1 0
Component 3821 1 0
Component 3822 1 0
Component 3823 1 0
Component 3824 1 0
Component 3825 1 0
Component 3826 1 0
Component 3827 1 0
Component 3828 1 0
Component 3829 1 0
Component 3830 1 0
Component 3831 1 0
Component 3832 1 0
Component 3833 1 0
Component 3834 1 0
Component 3835 1 0
Component 3836 1 0
Component 3837 1 0
Component 3838 1 0
Component 3839 1 0
Component 3840 1 0
Component 3841 1 0
Component 3842 1 0
Component 3843 1 0
Component 3844 1 0
Component 3845 1 0
Component 3846 1 0
Component 3847 1 0
Component 3848 1 0
Component 3849 1 0
Component 3850 1 0
Component 3851 1 0
Component 3852 1 0
Component 3853 1 0
Component 3854 1 0
Component 3855 1 0
Component 3856 1 0
Component 3857 1 0
Component 3858 1 0
Component 3859 1 0
Component 3860 1 0
Component 3861 1 0
Component 3862 1 0
Component 3863 1 0
Component 3864 1 0
Component 3865 1 0
Component 3866 1 0
Component 3867 1 0
Component 3868 1 0
Component 3869 1 0
Component 3870 1 0
Component 3871 1 0
Component 3872 1 0
Component 3873 1 0
Component 3874 1 0
Component 3875 1 0
Component 3876 1 0
Component 3877 1 0
Component 3878 1 0
Component 3879 1 0
Component 3880 1 0
Component 3881 1 0
Component 3882 1 0
Component 3883 1 0
Component 3884 1 0
Component 3885 1 0
Component 3886 1 0
Component 3887 1 0
Component 3888 1 0
Component 3889 1 0
Component 3890 1 0
Component 3891 1 0
Component 3892 1 0
Component 3893 1 0
Component 3894 1 0
Component 3895 1 0
Component 3896 1 0
Component 3897 1 0
Component 3898 1 0
Component 3899 1 0
Component 3900 1 0
Component 3901 1 0
Component 3902 1 0
Component 3903 1 0
Component 3904 1 0
Component 3905 1 0
Component 3906 1 0
Component 3907 1 0
Component 3908 1 0
Component 3909 1 0
Component 3910 1 0
Component 3911 1 0
Component 3912 1 0
Component 3913 1 0
Component 3914 1 0
Component 3915 1 0
Component 3916 1 0
Component 3917 1 0
Component 3918 1 0
Component 3919 1 0
Component 3920 1 0
Component 3921 1 0
Component 3922 1 0
Component 3923 1 0
Component 3924 1 0
Component 3925 1 0
Component 3926 1 0
Component 3927 1 0
Component 3928 1 0
Component 3929 1 0
Component 3930 1 0
Component 3931 1 0
Component 3932 1 0
Component 3933 1 0
Component 3934 1 0
Component 3935 1 0
Component 3936 1 0
Component 3937 1 0
Component 3938 1 0
Component 3939 1 0
Component 3940 1 0
Component 3941 1 0
Component 3942 1 0
Component 3943 1 0
Component 3944 1 0
Component 3945 1 0
Component 3946 1 0
Component 3947 1 0
Component 3948 1 0
Component 3949 1 0
Component 3950 1 0
Component 3951 1 0
Component 3952 1 0
Component 3953 1 0
Component 3954 1 0
Component 3955 1 0
Component 3956 1 0
Component 3957 1 0
Component 3958 1 0
Component 3959 1 0
Component 3960 1 0
Component 3961 1 0
Component 3962 1 0
Component 3963 1 0
Component 3964 1 0
Component 3965 1 0
Component 3966 1 0
Component 3967 1 0
Component 3968 1 0
Component 3969 1 0
Component 3970 1 0
Component 3971 1 0
Component 3972 1 0
Component 3973 1 0
Component 3974 1 0
Component 3975 1 0
Component 3976 1 0
Component 3977 1 0
Component 3978 1 0
Component 3979 1 0
Component 3980 1 0
Component 3981 1 0
Component 3982 1 0
Component 3983 1 0
Component 3984 1 0
Component 3985 1 0
Component 3986 1 0
Component 3987 1 0
Component 3988 1 0
Component 3989 1 0
Component 3990 1 0
Component 3991 1 0
Component 3992 1 0
Component 3993 1 0
Component 3994 1 0
Component 3995 1 0
Component 3996 1 0
Component 3997 1 0
Component 3998 1 0
Component 3999 1 0
Component 4000 1 0
Component 4001 1 0
Component 4002 1 0
Component 4003 1 0
Component 4004 1 0
Component 4005 1 0
Component 4006 1 0
Component 4007 1 0
Component 4008 1 0
Component 4009 1 0
Component 4010 1 0
Component 4011 1 0
Component 4012 1 0
Component 4013 1 0
Component 4014 1 0
Component 4015 1 0
Component 4016 1 0
Component 4017 1 0
Component 4018 1 0
Component 4019 1 0
Component 4020 1 0
Component 4021 1 0
Component 4022 1 0
Component 4023 1 0
Component 4024 1 0
Component 4025 1 0
Component 4026 1 0
Component 4027 1 0
Component 4028 1 0
Component 4029 1 0
Component 4030 1 0
Component 4031 1 0
Component 4032 1 0
Component 4033 1 0
Component 4034 1 0
Component 4035 1 0
Component 4036 1 0
Component 4037 1 0
Component 4038 1 0
Component 4039 1 0
Component 4040 1 0
Component 4041 1 0
Component 4042 1 0
Component 4043 1 0
Component 4044 1 0
Component 4045 1 0
Component 4046 1 0
Component 4047 1 0
Component 4048 1 0
Component 4049 1 0
Component 4050 1 0
Component 4051 1 0
Component 4052 1 0
Component 4053 1 0
Component 4054 1 0
Component 4055 1 0
Component 4056 1 0
Component 4057 1 0
Component 4058 1 0
Component 4059 1 0
Component 4060 1 0
Component 4061 1 0
Component 4062 1 0
Component 4063 1 0
Component 4064 1 0
Component 4065 1 0
Component 4066 1 0
Component 4067 1 0
Component 4068 1 0
Component 4069 1 0
Component 4070 1 0
Component 4071 1 0
Component 4072 1 0
Component 4073 1 0
Component 4074 1 0
Component 4075 1 0
Component 4076 1 0
Component 4077 1 0
Component 4078 1 0
Component 4079 1 0
Component 4080 1 0
Component 4081 1 0
Component 4082 1 0
Component 4083 1 0
Component 4084 1 0
Component 4085 1 0
Component 4086 1 0
Component 4087 1 0
Component 4088 1 0
Component 4089 1 0
Component 4090 1 0
Component 4091 1 0
Component 4092 1 0
Component 4093 1 0
Component 4094 1 0
Component 4095 1 0
Component 4096 1 0
Component 4097 1 0
Component 4098 1 0
Component 4099 1 0
Component 4100 1 0
Component 4101 1 0
Component 4102 1 0
Component 4103 1 0
Component 4104 1 0
Component 4105 1 0
Component 4106 1 0
Component 4107 1 0
Component 4108 1 0
Component 4109 1 0
Component 4110 1 0
Component 4111 1 0
Component 4112 1 0
Component 4113 1 0
Component 4114 1 0
Component 4115 1 0
Component 4116 1 0
Component 4117 1 0
Component 4118 1 0
Component 4119 1 0
Component 4120 1 0
Component 4121 1 0
Component 4122 1 0
Component 4123 1 0
Component 4124 1 0
Component 4125 1 0
Component 4126 1 0
Component 4127 1 0
Component 4128 1 0
Component 4129 1 0
Component 4130 1 0
Component 4131 1 0
Component 4132 1 0
Component 4133 1 0
Component 4134 1 0
Component 4135 1 0
Component 4136 1 0
Component 4137 1 0
Component 4138 1 0
Component 4139 1 0
Component 4140 1 0
Component 4141 1 0
Component 4142 1 0
Component 4143 1 0
Component 4144 1 0
Component 4145 1 0
Component 4146 1 0
Component 4147 1 0
Component 4148 1 0
Component 4149 1 0
Component 4150 1 0
Component 4151 1 0
Component 4152 1 0
Component 4153 1 0
Component 4154 1 0
Component 4155 1 0
Component 4156 1 0
Component 4157 1 0
Component 4158 1 0
Component 4159 1 0
Component 4160 1 0
Component 4161 1 0
Component 4162 1 0
Component 4163 1 0
Component 4164 1 0
Component 4165 1 0
Component 4166 1 0
Component 4167 1 0
Component 4168 1 0
Component 4169 1 0
Component 4170 1 0
Component 4171 1 0
Component 4172 1 0
Component 4173 1 0
Component 4174 1 0
Component 4175 1 0
Component 4176 1 0
Component 4177 1 0
Component 4178 1 0
Component 4179 1 0
Component 4180 1 0
Component 4181 1 0
Component 4182 1 0
Component 4183 1 0
Component 4184 1 0
Component 4185 1 0
Component 4186 1 0
Component 4187 1 0
Component 4188 1 0
Component 4189 1 0
Component 4190 1 0
Component 4191 1 0
Component 4192 1 0
Component 4193 1 0
Component 4194 1 0
Component 4195 1 0
Component 4196 1 0
Component 4197 1 0
Component 4198 1 0
Component 4199 1 0
Component 4200 1 0
Component 4201 1 0
Component 4202 1 0
Component 4203 1 0
Component 4204 1 0
Component 4205 1 0
Component 4206 1 0
Component 4207 1 0
Component 4208 1 0
Component 4209 1 0
Component 4210 1 0
Component 4211 1 0
Component 4212 1 0
Component 4213 1 0
Component 4214 1 0
Component 4215 1 0
Component 4216 1 0
Component 4217 1 0
Component 4218 1 0
Component 4219 1 0
Component 4220 1 0
Component 4221 1 0
Component 4222 1 0
Component 4223 1 0
Component 4224 1 0
Component 4225 1 0
Component 4226 1 0
Component 4227 1 0
Component 4228 1 0
Component 4229 1 0
Component 4230 1 0
Component 4231 1 0
Component 4232 1 0
Component 4233 1 0
Component 4234 1 0
Component 4235 1 0
Component 4236 1 0
Component 4237 1 0
Component 4238 1 0
Component 4239 1 0
Component 4240 1 0
Component 4241 1 0
Component 4242 1 0
Component 4243 1 0
Component 4244 1 0
Component 4245 1 0
Component 4246 1 0
Component 4247 1 0
Component 4248 1 0
Component 4249 1 0
Component 4250 1 0
Component 4251 1 0
Component 4252 1 0
Component 4253 1 0
Component 4254 1 0
Component 4255 1 0
Component 4256 1 0
Component 4257 1 0
Component 4258 1 0
Component 4259 1 0
Component 4260 1 0
Component 4261 1 0
Component 4262 1 0
Component 4263 1 0
Component 4264 1 0
Component 4265 1 0
Component 4266 1 0
Component 4267 1 0
Component 4268 1 0
Component 4269 1 0
Component 4270 1 0
Component 4271 1 0
Component 4272 1 0
Component 4273 1 0
Component 4274 1 0
Component 4275 1 0
Component 4276 1 0
Component 4277 1 0
Component 4278 1 0
Component 4279 1 0
Component 4280 1 0
Component 4281 1 0
Component 4282 1 0
Component 4283 1 0
Component 4284 1 0
Component 4285 1 0
Component 4286 1 0
Component 4287 1 0
Component 4288 1 0
Component 4289 1 0
Component 4290 1 0
Component 4291 1 0
Component 4292 1 0
Component 4293 1 0
Component 4294 1 0
Component 4295 1 0
Component 4296 1 0
Component 4297 1 0
Component 4298 1 0
Component 4299 1 0
Component 4300 1 0
Component 4301 1 0
Component 4302 1 0
Component 4303 1 0
Component 4304 1 0
Component 4305 1 0
Component 4306 1 0
Component 4307 1 0
Component 4308 1 0
Component 4309 1 0
Component 4310 1 0
Component 4311 1 0
Component 4312 1 0
Component 4313 1 0
Component 4314 1 0
Component 4315 1 0
Component 4316 1 0
Component 4317 1 0
Component 4318 1 0
Component 4319 1 0
Component 4320 1 0
Component 4321 1 0
Component 4322 1 0
Component 4323 1 0
Component 4324 1 0
Component 4325 1 0
Component 4326 1 0
Component 4327 1 0
Component 4328 1 0
Component 4329 1 0
Component 4330 1 0
Component 4331 1 0
Component 4332 1 0
Component 4333 1 0
Component 4334 1 0
Component 4335 1 0
Component 4336 1 0
Component 4337 1 0
Component 4338 1 0
Component 4339 1 0
Component 4340 1 0
Component 4341 1 0
Component 4342 1 0
Component 4343 1 0
Component 4344 1 0
Component 4345 1 0
Component 4346 1 0
Component 4347 1 0
Component 4348 1 0
Component 4349 1 0
Component 4350 1 0
Component 4351 1 0
Component 4352 1 0
Component 4353 1 0
Component 4354 1 0
Component 4355 1 0
Component 4356 1 0
Component 4357 1 0
Component 4358 1 0
Component 4359 1 0
Component 4360 1 0
Component 4361 1 0
Component 4362 1 0
Component 4363 1 0
Component 4364 1 0
Component 4365 1 0
Component 4366 1 0
Component 4367 1 0
Component 4368 1 0
Component 4369 1 0
Component 4370 1 0
Component 4371 1 0
Component 4372 1 0
Component 4373 1 0
Component 4374 1 0
Component 4375 1 0
Component 4376 1 0
Component 4377 1 0
Component 4378 1 0
Component 4379 1 0
Component 4380 1 0
Component 4381 1 0
Component 4382 1 0
Component 4383 1 0
Component 4384 1 0
Component 4385 1 0
Component 4386 1 0
Component 4387 1 0
Component 4388 1 0
Component 4389 1 0
Component 4390 1 0
Component 4391 1 0
Component 4392 1 0
Component 4393 1 0
Component 4394 1 0
Component 4395 1 0
Component 4396 1 0
Component 4397 1 0
Component 4398 1 0
Component 4399 1 0
Component 4400 1 0
Component 4401 1 0
Component 4402 1 0
Component 4403 1 0
Component 4404 1 0
Component 4405 1 0
Component 4406 1 0
Component 4407 1 0
Component 4408 1 0
Component 4409 1 0
Component 4410 1 0
Component 4411 1 0
Component 4412 1 0
Component 4413 1 0
Component 4414 1 0
Component 4415 1 0
Component 4416 1 0
Component 4417 1 0
Component 4418 1 0
Component 4419 1 0
Component 4420 1 0
Component 4421 1 0
Component 4422 1 0
Component 4423 1 0
Component 4424 1 0
Component 4425 1 0
Component 4426 1 0
Component 4427 1 0
Component 4428 1 0
Component 4429 1 0
Component 4430 1 0
Component 4431 1 0
Component 4432 1 0
Component 4433 1 0
Component 4434 1 0
Component 4435 1 0
Component 4436 1 0
Component 4437 1 0
Component 4438 1 0
Component 4439 1 0
Component 4440 1 0
Component 4441 1 0
Component 4442 1 0
Component 4443 1 0
Component 4444 1 0
Component 4445 1 0
Component 4446 1 0
Component 4447 1 0
Component 4448 1 0
Component 4449 1 0
Component 4450 1 0
Component 4451 1 0
Component 4452 1 0
Component 4453 1 0
Component 4454 1 0
Component 4455 1 0
Component 4456 1 0
Component 4457 1 0
Component 4458 1 0
Component 4459 1 0
Component 4460 1 0
Component 4461 1 0
Component 4462 1 0
Component 4463 1 0
Component 4464 1 0
Component 4465 1 0
Component 4466 1 0
Component 4467 1 0
Component 4468 1 0
Component 4469 1 0
Component 4470 1 0
Component 4471 1 0
Component 4472 1 0
Component 4473 1 0
Component 4474 1 0
Component 4475 1 0
Component 4476 1 0
Component 4477 1 0
Component 4478 1 0
Component 4479 1 0
Component 4480 1 0
Component 4481 1 0
Component 4482 1 0
Component 4483 1 0
Component 4484 1 0
Component 4485 1 0
Component 4486 1 0
Component 4487 1 0
Component 4488 1 0
Component 4489 1 0
Component 4490 1 0
Component 4491 1 0
Component 4492 1 0
Component 4493 1 0
Component 4494 1 0
Component 4495 1 0
Component 4496 1 0
Component 4497 1 0
Component 4498 1 0
Component 4499 1 0
Component 4500 1 0
Component 4501 1 0
Component 4502 1 0
Component 4503 1 0
Component 4504 1 0
Component 4505 1 0
Component 4506 1 0
Component 4507 1 0
Component 4508 1 0
Component 4509 1 0
Component 4510 1 0
Component 4511 1 0
Component 4512 1 0
Component 4513 1 0
Component 4514 1 0
Component 4515 1 0
Component 4516 1 0
Component 4517 1 0
Component 4518 1 0
Component 4519 1 0
Component 4520 1 0
Component 4521 1 0
Component 4522 1 0
Component 4523 1 0
Component 4524 1 0
Component 4525 1 0
Component 4526 1 0
Component 4527 1 0
Component 4528 1 0
Component 4529 1 0
Component 4530 1 0
Component 4531 1 0
Component 4532 1 0
Component 4533 1 0
Component 4534 1 0
Component 4535 1 0
Component 4536 1 0
Component 4537 1 0
Component 4538 1 0
Component 4539 1 0
Component 4540 1 0
Component 4541 1 0
Component 4542 1 0
Component 4543 1 0
Component 4544 1 0
Component 4545 1 0
Component 4546 1 0
Component 4547 1 0
Component 4548 1 0
Component 4549 1 0
Component 4550 1 0
Component 4551 1 0
Component 4552 1 0
Component 4553 1 0
Component 4554 1 0
Component 4555 1 0
Component 4556 1 0
Component 4557 1 0
Component 4558 1 0
Component 4559 1 0
Component 4560 1 0
Component 4561 1 0
Component 4562 1 0
Component 4563 1 0
Component 4564 1 0
Component 4565 1 0
Component 4566 1 0
Component 4567 1 0
Component 4568 1 0
Component 4569 1 0
Component 4570 1 0
Component 4571 1 0
Component 4572 1 0
Component 4573 1 0
Component 4574 1 0
Component 4575 1 0
Component 4576 1 0
Component 4577 1 0
Component 4578 1 0
Component 4579 1 0
Component 4580 1 0
Component 4581 1 0
Component 4582 1 0
Component 4583 1 0
Component 4584 1 0
Component 4585 1 0
Component 4586 1 0
Component 4587 1 0
Component 4588 1 0
Component 4589 1 0
Component 4590 1 0
Component 4591 1 0
Component 4592 1 0
Component 4593 1 0
Component 4594 1 0
Component 4595 1 0
Component 4596 1 0
Component 4597 1 0
Component 4598 1 0
Component 4599 1 0
Component 4600 1 0
Component 4601 1 0
Component 4602 1 0
Component 4603 1 0
Component 4604 1 0
Component 4605 1 0
Component 4606 1 0
Component 4607 1 0
Component 4608 1 0
Component 4609 1 0
Component 4610 1 0
Component 4611 1 0
Component 4612 1 0
Component 4613 1 0
Component 4614 1 0
Component 4615 1 0
Component 4616 1 0
Component 4617 1 0
Component 4618 1 0
Component 4619 1 0
Component 4620 1 0
Component 4621 1 0
Component 4622 1 0
Component 4623 1 0
Component 4624 1 0
Component 4625 1 0
Component 4626 1 0
Component 4627 1 0
Component 4628 1 0
Component 4629 1 0
Component 4630 1 0
Component 4631 1 0
Component 4632 1 0
Component 4633 1 0
Component 4634 1 0
Component 4635 1 0
Component 4636 1 0
Component 4637 1 0
Component 4638 1 0
Component 4639 1 0
Component 4640 1 0
Component 4641 1 0
Component 4642 1 0
Component 4643 1 0
Component 4644 1 0
Component 4645 1 0
Component 4646 1 0
Component 4647 1 0
Component 4648 1 0
Component 4649 1 0
Component 4650 1 0
Component 4651 1 0
Component 4652 1 0
Component 4653 1 0
Component 4654 1 0
Component 4655 1 0
Component 4656 1 0
Component 4657 1 0
Component 4658 1 0
Component 4659 1 0
Component 4660 1 0
Component 4661 1 0
Component 4662 1 0
Component 4663 1 0
Component 4664 1 0
Component 4665 1 0
Component 4666 1 0
Component 4667 1 0
Component 4668 1 0
Component 4669 1 0
Component 4670 1 0
Component 4671 1 0
Component 4672 1 0
Component 4673 1 0
Component 4674 1 0
Component 4675 1 0
Component 4676 1 0
Component 4677 1 0
Component 4678 1 0
Component 4679 1 0
Component 4680 1 0
Component 4681 1 0
Component 4682 1 0
Component 4683 1 0
Component 4684 1 0
Component 4685 1 0
Component 4686 1 0
Component 4687 1 0
Component 4688 1 0
Component 4689 1 0
Component 4690 1 0
Component 4691 1 0
Component 4692 1 0
Component 4693 1 0
Component 4694 1 0
Component 4695 1 0
Component 4696 1 0
Component 4697 1 0
Component 4698 1 0
Component 4699 1 0
Component 4700 1 0
Component 4701 1 0
Component 4702 1 0
Component 4703 1 0
Component 4704 1 0
Component 4705 1 0
Component 4706 1 0
Component 4707 1 0
Component 4708 1 0
Component 4709 1 0
Component 4710 1 0
Component 4711 1 0
Component 4712 1 0
Component 4713 1 0
Component 4714 1 0
Component 4715 1 0
Component 4716 1 0
Component 4717 1 0
Component 4718 1 0
Component 4719 1 0
Component 4720 1 0
Component 4721 1 0
Component 4722 1 0
Component 4723 1 0
Component 4724 1 0
Component 4725 1 0
Component 4726 1 0
Component 4727 1 0
Component 4728 1 0
Component 4729 1 0
Component 4730 1 0
Component 4731 1 0
Component 4732 1 0
Component 4733 1 0
Component 4734 1 0
Component 4735 1 0
Component 4736 1 0
Component 4737 1 0
Component 4738 1 0
Component 4739 1 0
Component 4740 1 0
Component 4741 1 0
Component 4742 1 0
Component 4743 1 0
Component 4744 1 0
Component 4745 1 0
Component 4746 1 0
Component 4747 1 0
Component 4748 1 0
Component 4749 1 0
Component 4750 1 0
Component 4751 1 0
Component 4752 1 0
Component 4753 1 0
Component 4754 1 0
Component 4755 1 0
Component 4756 1 0
Component 4757 1 0
Component 4758 1 0
Component 4759 1 0
Component 4760 1 0
Component 4761 1 0
Component 4762 1 0
Component 4763 1 0
Component 4764 1 0
Component 4765 1 0
Component 4766 1 0
Component 4767 1 0
Component 4768 1 0
Component 4769 1 0
Component 4770 1 0
Component 4771 1 0
Component 4772 1 0
Component 4773 1 0
Component 4774 1 0
Component 4775 1 0
Component 4776 1 0
Component 4777 1 0
Component 4778 1 0
Component 4779 1 0
Component 4780 1 0
Component 4781 1 0
Component 4782 1 0
Component 4783 1 0
Component 4784 1 0
Component 4785 1 0
Component 4786 1 0
Component 4787 1 0
Component 4788 1 0
Component 4789 1 0
Component 4790 1 0
Component 4791 1 0
Component 4792 1 0
Component 4793 1 0
Component 4794 1 0
Component 4795 1 0
Component 4796 1 0
Component 4797 1 0
Component 4798 1 0
Component 4799 1 0
Component 4800 1 0
Component 4801 1 0
Component 4802 1 0
Component 4803 1 0
Component 4804 1 0
Component 4805 1 0
Component 4806 1 0
Component 4807 1 0
Component 4808 1 0
Component 4809 1 0
Component 4810 1 0
Component 4811 1 0
Component 4812 1 0
Component 4813 1 0
Component 4814 1 0
Component 4815 1 0
Component 4816 1 0
Component 4817 1 0
Component 4818 1 0
Component 4819 1 0
Component 4820 1 0
Component 4821 1 0
Component 4822 1 0
Component 4823 1 0
Component 4824 1 0
Component 4825 1 0
Component 4826 1 0
Component 4827 1 0
Component 4828 1 0
Component 4829 1 0
Component 4830 1 0
Component 4831 1 0
Component 4832 1 0
Component 4833 1 0
Component 4834 1 0
Component 4835 1 0
Component 4836 1 0
Component 4837 1 0
Component 4838 1 0
Component 4839 1 0
Component 4840 1 0
Component 4841 1 0
Component 4842 1 0
Component 4843 1 0
Component 4844 1 0
Component 4845 1 0
Component 4846 1 0
Component 4847 1 0
Component 4848 1 0
Component 4849 1 0
Component 4850 1 0
Component 4851 1 0
Component 4852 1 0
Component 4853 1 0
Component 4854 1 0
Component 4855 1 0
Component 4856 1 0
Component 4857 1 0
Component 4858 1 0
Component 4859 1 0
Component 4860 1 0
Component 4861 1 0
Component 4862 1 0
Component 4863 1 0
Component 4864 1 0
Component 4865 1 0
Component 4866 1 0
Component 4867 1 0
Component 4868 1 0
Component 4869 1 0
Component 4870 1 0
Component 4871 1 0
Component 4872 1 0
Component 4873 1 0
Component 4874 1 0
Component 4875 1 0
Component 4876 1 0
Component 4877 1 0
Component 4878 1 0
Component 4879 1 0
Component 4880 1 0
Component 4881 1 0
Component 4882 1 0
Component 4883 1 0
Component 4884 1 0
Component 4885 1 0
Component 4886 1 0
Component 4887 1 0
Component 4888 1 0
Component 4889 1 0
Component 4890 1 0
Component 4891 1 0
Component 4892 1 0
Component 4893 1 0
Component 4894 1 0
Component 4895 1 0
Component 4896 1 0
Component 4897 1 0
Component 4898 1 0
Component 4899 1 0
Component 4900 1 0
Component 4901 1 0
Component 4902 1 0
Component 4903 1 0
Component 4904 1 0
Component 4905 1 0
Component 4906 1 0
Component 4907 1 0
Component 4908 1 0
Component 4909 1 0
Component 4910 1 0
Component 4911 1 0
Component 4912 1 0
Component 4913 1 0
Component 4914 1 0
Component 4915 1 0
Component 4916 1 0
Component 4917 1 0
Component 4918 1 0
Component 4919 1 0
Component 4920 1 0
Component 4921 1 0
Component 4922 1 0
Component 4923 1 0
Component 4924 1 0
Component 4925 1 0
Component 4926 1 0
Component 4927 1 0
Component 4928 1 0
Component 4929 1 0
Component 4930 1 0
Component 4931 1 0
Component 4932 1 0
Component 4933 1 0
Component 4934 1 0
Component 4935 1 0
Component 4936 1 0
Component 4937 1 0
Component 4938 1 0
Component 4939 1 0
Component 4940 1 0
Component 4941 1 0
Component 4942 1 0
Component 4943 1 0
Component 4944 1 0
Component 4945 1 0
Component 4946 1 0
Component 4947 1 0
Component 4948 1 0
Component 4949 1 0
Component 4950 1 0
Component 4951 1 0
Component 4952 1 0
Component 4953 1 0
Component 4954 1 0
Component 4955 1 0
Component 4956 1 0
Component 4957 1 0
Component 4958 1 0
Component 4959 1 0
Component 4960 1 0
Component 4961 1 0
Component 4962 1 0
Component 4963 1 0
Component 4964 1 0
Component 4965 1 0
Component 4966 1 0
Component 4967 1 0
Component 4968 1 0
Component 4969 1 0
Component 4970 1 0
Component 4971 1 0
Component 4972 1 0
Component 4973 1 0
Component 4974 1 0
Component 4975 1 0
Component 4976 1 0
Component 4977 1 0
Component 4978 1 0
Component 4979 1 0
Component 4980 1 0
Component 4981 1 0
Component 4982 1 0
Component 4983 1 0
Component 4984 1 0
Component 4985 1 0
Component 4986 1 0
Component 4987 1 0
Component 4988 1 0
Component 4989 1 0
Component 4990 1 0
Component 4991 1 0
Component 4992 1 0
Component 4993 1 0
Component 4994 1 0
Component 4995 1 0
Component 4996 1 0
Component 4997 1 0
Component 4998 1 0
Component 4999 1 0
Component 5000 1 0
Component 5001 1 0
Component 5002 1 0
Component 5003 1 0
Component 5004 1 0
Component 5005 1 0
Component 5006 1 0
Component 5007 1 0
Component 5008 1 0
Component 5009 1 0
Component 5010 1 0
Component 5011 1 0
Component 5012 1 0
Component 5013 1 0
Component 5014 1 0
Component 5015 1 0
Component 5016 1 0
Component 5017 1 0
Component 5018 1 0
Component 5019 1 0
Component 5020 1 0
Component 5021 1 0
Component 5022 1 0
Component 5023 1 0
Component 5024 1 0
Component 5025 1 0
Component 5026 1 0
Component 5027 1 0
Component 5028 1 0
Component 5029 1 0
Component 5030 1 0
Component 5031 1 0
Component 5032 1 0
Component 5033 1 0
Component 5034 1 0
Component 5035 1 0
Component 5036 1 0
Component 5037 1 0
Component 5038 1 0
Component 5039 1 0
Component 5040 1 0
Component 5041 1 0
Component 5042 1 0
Component 5043 1 0
Component 5044 1 0
Component 5045 1 0
Component 5046 1 0
Component 5047 1 0
Component 5048 1 0
Component 5049 1 0
Component 5050 1 0
Component 5051 1 0
Component 5052 1 0
Component 5053 1 0
Component 5054 1 0
Component 5055 1 0
Component 5056 1 0
Component 5057 1 0
Component 5058 1 0
Component 5059 1 0
Component 5060 1 0
Component 5061 1 0
Component 5062 1 0
Component 5063 1 0
Component 5064 1 0
Component 5065 1 0
Component 5066 1 0
Component 5067 1 0
Component 5068 1 0
Component 5069 1 0
Component 5070 1 0
Component 5071 1 0
Component 5072 1 0
Component 5073 1 0
Component 5074 1 0
Component 5075 1 0
Component 5076 1 0
Component 5077 1 0
Component 5078 1 0
Component 5079 1 0
Component 5080 1 0
Component 5081 1 0
Component 5082 1 0
Component 5083 1 0
Component 5084 1 0
Component 5085 1 0
Component 5086 1 0
Component 5087 1 0
Component 5088 1 0
Component 5089 1 0
Component 5090 1 0
Component 5091 1 0
Component 5092 1 0
Component 5093 1 0
Component 5094 1 0
Component 5095 1 0
Component 5096 1 0
Component 5097 1 0
Component 5098 1 0
Component 5099 1 0
Component 5100 1 0
Component 5101 1 0
Component 5102 1 0
Component 5103 1 0
Component 5104 1 0
Component 5105 1 0
Component 5106 1 0
Component 5107 1 0
Component 5108 1 0
Component 5109 1 0
Component 5110 1 0
Component 5111 1 0
Component 5112 1 0
Component 5113 1 0
Component 5114 1 0
Component 5115 1 0
Component 5116 1 0
Component 5117 1 0
Component 5118 1 0
Component 5119 1 0
Component 5120 1 0
Component 5121 1 0
Component 5122 1 0
Component 5123 1 0
Component 5124 1 0
Component 5125 1 0
Component 5126 1 0
Component 5127 1 0
Component 5128 1 0
Component 5129 1 0
Component 5130 1 0
Component 5131 1 0
Component 5132 1 0
Component 5133 1 0
Component 5134 1 0
Component 5135 1 0
Component 5136 1 0
Component 5137 1 0
Component 5138 1 0
Component 5139 1 0
Component 5140 1 0
Component 5141 1 0
Component 5142 1 0
Component 5143 1 0
Component 5144 1 0
Component 5145 1 0
Component 5146 1 0
Component 5147 1 0
Component 5148 1 0
Component 5149 1 0
Component 5150 1 0
Component 5151 1 0
Component 5152 1 0
Component 5153 1 0
Component 5154 1 0
Component 5155 1 0
Component 5156 1 0
Component 5157 1 0
Component 5158 1 0
Component 5159 1 0
Component 5160 1 0
Component 5161 1 0
Component 5162 1 0
Component 5163 1 0
Component 5164 1 0
Component 5165 1 0
Component 5166 1 0
Component 5167 1 0
Component 5168 1 0
Component 5169 1 0
Component 5170 1 0
Component 5171 1 0
Component 5172 1 0
Component 5173 1 0
Component 5174 1 0
Component 5175 1 0
Component 5176 1 0
Component 5177 1 0
Component 5178 1 0
Component 5179 1 0
Component 5180 1 0
Component 5181 1 0
Component 5182 1 0
Component 5183 1 0
Component 5184 1 0
Component 5185 1 0
Component 5186 1 0
Component 5187 1 0
Component 5188 1 0
Component 5189 1 0
Component 5190 1 0
Component 5191 1 0
Component 5192 1 0
Component 5193 1 0
Component 5194 1 0
Component 5195 1 0
Component 5196 1 0
Component 5197 1 0
Component 5198 1 0
Component 5199 1 0
Component 5200 1 0
Component 5201 1 0
Component 5202 1 0
Component 5203 1 0
Component 5204 1 0
Component 5205 1 0
Component 5206 1 0
Component 5207 1 0
Component 5208 1 0
Component 5209 1 0
Component 5210 1 0
Component 5211 1 0
Component 5212 1 0
Component 5213 1 0
Component 5214 1 0
Component 5215 1 0
Component 5216 1 0
Component 5217 1 0
Component 5218 1 0
Component 5219 1 0
Component 5220 1 0
Component 5221 1 0
Component 5222 1 0
Component 5223 1 0
Component 5224 1 0
Component 5225 1 0
Component 5226 1 0
Component 5227 1 0
Component 5228 1 0
Component 5229 1 0
Component 5230 1 0
Component 5231 1 0
Component 5232 1 0
Component 5233 1 0
Component 5234 1 0
Component 5235 1 0
Component 5236 1 0
Component 5237 1 0
Component 5238 1 0
Component 5239 1 0
Component 5240 1 0
Component 5241 1 0
Component 5242 1 0
Component 5243 1 0
Component 5244 1 0
Component 5245 1 0
Component 5246 1 0
Component 5247 1 0
Component 5248 1 0
Component 5249 1 0
Component 5250 1 0
Component 5251 1 0
Component 5252 1 0
Component 5253 1 0
Component 5254 1 0
Component 5255 1 0
Component 5256 1 0
Component 5257 1 0
Component 5258 1 0
Component 5259 1 0
Component 5260 1 0
Component 5261 1 0
Component 5262 1 0
Component 5263 1 0
Component 5264 1 0
Component 5265 1 0
Component 5266 1 0
Component 5267 1 0
Component 5268 1 0
Component 5269 1 0
Component 5270 1 0
Component 5271 1 0
Component 5272 1 0
Component 5273 1 0
Component 5274 1 0
Component 5275 1 0
Component 5276 1 0
Component 5277 1 0
Component 5278 1 0
Component 5279 1 0
Component 5280 1 0
Component 5281 1 0
