0 1 33 
0 4 7 
0 7 
0 23 90 
1 27 
1 57 
1 101 
4 5 
4 7 108 
4 69 28 
5 90 11 
6 7 
6 55 
6 58 
85 6 
7 40 
7 73 77 
82 7 77 
64 9 
10 60 
50 69 24 90 11 28 
104 11 
12 13 
17 12 
18 36 12 
36 43 12 
13 45 
13 110 
68 15 
106 92 15 
114 15 
16 38 
16 67 104 41 
16 81 
17 58 
18 19 36 
18 34 42 
19 35 44 30 
20 21 
20 36 
20 75 76 
32 21 
21 46 111 
22 47 
24 25 
66 24 
87 24 
24 110 
53 25 
25 106 
26 27 
34 26 42 
26 42 43 
65 27 63 
38 28 
50 28 78 
113 28 
82 29 30 94 
42 29 
80 29 94 79 
80 82 29 94 
80 91 29 
50 30 
43 31 79 
55 31 79 
32 49 
34 35 94 
35 92 
36 37 
36 58 59 
80 37 105 
37 95 
82 100 39 
51 40 
57 42 
42 63 
70 43 
44 45 
105 45 62 
46 47 
49 114 67 83 53 88 73 46 110 
48 49 53 
48 53 86 
48 96 
48 98 
49 83 84 
50 51 68 78 
51 101 
52 53 
112 52 
56 57 
56 106 
97 58 59 63 
101 58 
66 59 76 
113 59 76 
61 62 
92 61 
64 63 
112 97 63 
109 63 
64 111 
65 66 
66 75 76 
67 68 
69 70 95 
70 103 
71 72 
72 104 
73 74 
75 107 
98 77 
80 82 93 
80 85 
80 86 91 
80 91 93 
80 110 
81 83 84 
86 87 
97 86 
88 89 
88 107 
99 89 
96 112 
100 102 
102 103 
