Auburn
Alabama
Florida
Kentucky
Vanderbilt
MississippiState
SouthCarolina
Tennessee
Mississippi
Georgia
LouisianaState
Arkansas

BoiseState
FresnoState
Rice
SouthernMethodist
LouisianaTech
Nevada
SanJoseState
TexasElPaso
Tulsa
Hawaii

BrighamYoung
NewMexico
SanDiegoState
Wyoming
Utah
ColoradoState
AirForce
NevadaLasVegas

CentralFlorida
Connecticut
Navy
NotreDame
UtahState

EastCarolina
Houston
Louisville
Memphis
SouthernMississippi
Tulane
Army
Cincinnati
TexasChristian
AlabamaBirmingham

FloridaState
NorthCarolinaState
Virginia
GeorgiaTech
Duke
NorthCarolina
Clemson
WakeForest
Maryland

Iowa
PennState
Northwestern
Wisconsin
Michigan
Purdue
OhioState
Minnesota
Illinois
MichiganState
Indiana

KansasState
TexasTech
Baylor
Colorado
Kansas
IowaState
Nebraska
TexasA&M
Oklahoma
Texas
Missouri
OklahomaState

NorthTexas
ArkansasState
Idaho
LouisianaMonroe
MiddleTennesseeState
NewMexicoState
LouisianaLafayette

NorthernIllinois
WesternMichigan
Akron
BallState
BowlingGreenState
Buffalo
CentralMichigan
EasternMichigan
Kent
MiamiOhio
Ohio
Toledo
Marshall

SouthernCalifornia
ArizonaState
UCLA
Arizona
Washington
Oregon
Stanford
WashingtonState
OregonState
California

VirginiaTech
BostonCollege
WestVirginia
Syracuse
Pittsburgh
Temple
Rutgers
MiamiFlorida

