Auburn
Alabama
Florida
Kentucky
Vanderbilt
MississippiState
SouthCarolina
Tennessee
Mississippi
Georgia
LouisianaState
Arkansas

BrighamYoung
NewMexico
SanDiegoState
Wyoming
Utah
ColoradoState
AirForce
NevadaLasVegas

EastCarolina
Houston
Louisville
Memphis
SouthernMississippi
Tulane
Army
Cincinnati
AlabamaBirmingham

FloridaState
VirginiaTech
NorthCarolinaState
BostonCollege
WestVirginia
Virginia
Syracuse
GeorgiaTech
Duke
Pittsburgh
Temple
Navy
NotreDame
NorthCarolina
Rutgers
MiamiFlorida
Clemson
WakeForest
Maryland

FresnoState
Rice
SouthernMethodist
Nevada
SanJoseState
TexasElPaso
Tulsa
TexasChristian
Hawaii

Iowa
PennState
Northwestern
Wisconsin
Michigan
Purdue
OhioState
Minnesota
Illinois
MichiganState
Indiana

KansasState
TexasTech
Baylor
Colorado
Kansas
IowaState
Nebraska
TexasA&M
Oklahoma
Texas
Missouri
OklahomaState

LouisianaTech
LouisianaMonroe
MiddleTennesseeState
LouisianaLafayette

NorthTexas
ArkansasState
BoiseState
Idaho
NewMexicoState
UtahState

NorthernIllinois
WesternMichigan
Akron
BallState
BowlingGreenState
Buffalo
CentralFlorida
CentralMichigan
Connecticut
EasternMichigan
Kent
MiamiOhio
Ohio
Toledo
Marshall

SouthernCalifornia
ArizonaState
UCLA
Arizona
Washington
Oregon
Stanford
WashingtonState
OregonState
California

