BrighamYoung 90
FloridaState 33
Iowa 100
KansasState 52
NewMexico 90
TexasTech 52
PennState 100
SouthernCalifornia 68
ArizonaState 68
SanDiegoState 90
Baylor 52
NorthTexas 50
NorthernIllinois 85
Northwestern 100
WesternMichigan 85
Wisconsin 100
Wyoming 90
Auburn 96
Akron 85
VirginiaTech 33
Alabama 96
UCLA 68
Arizona 68
Utah 90
ArkansasState 50
NorthCarolinaState 33
BallState 85
Florida 96
BoiseState 50
BostonCollege 33
WestVirginia 33
BowlingGreenState 85
Michigan 100
Virginia 33
Buffalo 85
Syracuse 33
CentralFlorida 85
GeorgiaTech 33
CentralMichigan 85
Purdue 100
Colorado 52
ColoradoState 90
Connecticut 85
EasternMichigan 85
EastCarolina 57
Duke 33
FresnoState 73
OhioState 100
Houston 57
Rice 73
Idaho 50
Washington 68
Kansas 52
SouthernMethodist 73
Kent 85
Pittsburgh 33
Kentucky 96
Louisville 57
LouisianaTech 97
LouisianaMonroe 97
Minnesota 100
MiamiOhio 85
Vanderbilt 96
MiddleTennesseeState 97
Illinois 100
MississippiState 96
Memphis 57
Nevada 73
Oregon 68
NewMexicoState 50
SouthCarolina 96
Ohio 85
IowaState 52
SanJoseState 73
Nebraska 52
SouthernMississippi 57
Tennessee 96
Stanford 68
WashingtonState 68
Temple 33
Navy 33
TexasA&M 52
NotreDame 33
TexasElPaso 73
Oklahoma 52
Toledo 85
Tulane 57
Mississippi 96
Tulsa 73
NorthCarolina 33
UtahState 50
Army 57
Cincinnati 57
AirForce 90
Rutgers 33
Georgia 96
LouisianaState 96
LouisianaLafayette 97
Texas 52
Marshall 85
MichiganState 100
MiamiFlorida 33
Missouri 52
Clemson 33
NevadaLasVegas 90
WakeForest 33
Indiana 100
OklahomaState 52
OregonState 68
Maryland 33
TexasChristian 73
California 68
AlabamaBirmingham 57
Arkansas 96
Hawaii 73
